TpTrace Verbose: 0 : 27696, 1, 2024/01/15, 20:06:29.400, 354272943519, vstest.console.dll, Version: 17.8.0-release-23523-03 Current process architecture: X64
TpTrace Verbose: 0 : 27696, 1, 2024/01/15, 20:06:29.404, 354272979765, vstest.console.dll, Runtime location: C:\Program Files\dotnet\shared\Microsoft.NETCore.App\8.0.0
TpTrace Verbose: 0 : 27696, 1, 2024/01/15, 20:06:29.407, 354273005787, vstest.console.dll, ArtifactProcessingPostProcessModeProcessorExecutor.Initialize: ArtifactProcessingMode.Collect
TpTrace Verbose: 0 : 27696, 1, 2024/01/15, 20:06:29.407, 354273007055, vstest.console.dll, TestSessionCorrelationIdProcessorModeProcessorExecutor.Initialize: TestSessionCorrelationId '25928_abb051ff-5a29-40ed-bdda-9c6c2e4643ef'
TpTrace Information: 0 : 27696, 1, 2024/01/15, 20:06:29.413, 354273064877, vstest.console.dll, FilePatternParser: The given file C:\Users\neera\source\repos\BooksInventory\BooksInventory.Test\bin\Debug\fine-code-coverage-net8.0\BooksInventory.Tests.dll is a full path.
TpTrace Verbose: 0 : 27696, 1, 2024/01/15, 20:06:29.417, 354273108285, vstest.console.dll, TestPluginCache.DiscoverTestExtensions: finding test extensions in assemblies ends with: RuntimeProvider.dll TPluginInfo: Microsoft.VisualStudio.TestPlatform.Common.ExtensionFramework.Utilities.TestRuntimePluginInformation TExtension: Microsoft.VisualStudio.TestPlatform.ObjectModel.Host.ITestRuntimeProvider
TpTrace Verbose: 0 : 27696, 1, 2024/01/15, 20:06:29.417, 354273111363, vstest.console.dll, TestPluginCache.GetExtensionPaths: Filtered extension paths: 
TpTrace Verbose: 0 : 27696, 1, 2024/01/15, 20:06:29.417, 354273112127, vstest.console.dll, TestPluginCache.GetExtensionPaths: Added default extension paths: C:\Program Files\dotnet\sdk\8.0.100\Extensions\Microsoft.Diagnostics.NETCore.Client.dll
C:\Program Files\dotnet\sdk\8.0.100\Extensions\Microsoft.TestPlatform.Extensions.BlameDataCollector.dll
C:\Program Files\dotnet\sdk\8.0.100\Extensions\Microsoft.TestPlatform.Extensions.EventLogCollector.dll
C:\Program Files\dotnet\sdk\8.0.100\Extensions\Microsoft.TestPlatform.TestHostRuntimeProvider.dll
C:\Program Files\dotnet\sdk\8.0.100\Extensions\Microsoft.VisualStudio.TestPlatform.Extensions.Html.TestLogger.dll
C:\Program Files\dotnet\sdk\8.0.100\Extensions\Microsoft.VisualStudio.TestPlatform.Extensions.Trx.TestLogger.dll
TpTrace Verbose: 0 : 27696, 1, 2024/01/15, 20:06:29.417, 354273112381, vstest.console.dll, TestPluginCache.GetExtensionPaths: Added unfilterableExtensionPaths: 
TpTrace Information: 0 : 27696, 1, 2024/01/15, 20:06:29.418, 354273117430, vstest.console.dll, AssemblyResolver.ctor: Creating AssemblyResolver with searchDirectories C:\Program Files\dotnet\sdk\8.0.100\Extensions,C:\Program Files\dotnet\sdk\8.0.100
TpTrace Verbose: 0 : 27696, 1, 2024/01/15, 20:06:29.419, 354273129029, vstest.console.dll, TestPluginCache.DiscoverTestExtensions: Discovering the extensions using extension path.
TpTrace Verbose: 0 : 27696, 1, 2024/01/15, 20:06:29.419, 354273130626, vstest.console.dll, TestPluginCache.GetExtensionPaths: Filtered extension paths: 
TpTrace Verbose: 0 : 27696, 1, 2024/01/15, 20:06:29.419, 354273131080, vstest.console.dll, TestPluginCache.GetExtensionPaths: Added default extension paths: C:\Program Files\dotnet\sdk\8.0.100\Extensions\Microsoft.Diagnostics.NETCore.Client.dll
C:\Program Files\dotnet\sdk\8.0.100\Extensions\Microsoft.TestPlatform.Extensions.BlameDataCollector.dll
C:\Program Files\dotnet\sdk\8.0.100\Extensions\Microsoft.TestPlatform.Extensions.EventLogCollector.dll
C:\Program Files\dotnet\sdk\8.0.100\Extensions\Microsoft.TestPlatform.TestHostRuntimeProvider.dll
C:\Program Files\dotnet\sdk\8.0.100\Extensions\Microsoft.VisualStudio.TestPlatform.Extensions.Html.TestLogger.dll
C:\Program Files\dotnet\sdk\8.0.100\Extensions\Microsoft.VisualStudio.TestPlatform.Extensions.Trx.TestLogger.dll
TpTrace Verbose: 0 : 27696, 1, 2024/01/15, 20:06:29.419, 354273131344, vstest.console.dll, TestPluginCache.GetExtensionPaths: Added unfilterableExtensionPaths: 
TpTrace Verbose: 0 : 27696, 1, 2024/01/15, 20:06:29.419, 354273131930, vstest.console.dll, TestPluginCache.DiscoverTestExtensions: Discovering the extensions using allExtensionPaths: C:\Program Files\dotnet\sdk\8.0.100\Extensions\Microsoft.Diagnostics.NETCore.Client.dll
C:\Program Files\dotnet\sdk\8.0.100\Extensions\Microsoft.TestPlatform.Extensions.BlameDataCollector.dll
C:\Program Files\dotnet\sdk\8.0.100\Extensions\Microsoft.TestPlatform.Extensions.EventLogCollector.dll
C:\Program Files\dotnet\sdk\8.0.100\Extensions\Microsoft.TestPlatform.TestHostRuntimeProvider.dll
C:\Program Files\dotnet\sdk\8.0.100\Extensions\Microsoft.VisualStudio.TestPlatform.Extensions.Html.TestLogger.dll
C:\Program Files\dotnet\sdk\8.0.100\Extensions\Microsoft.VisualStudio.TestPlatform.Extensions.Trx.TestLogger.dll
TpTrace Information: 0 : 27696, 1, 2024/01/15, 20:06:29.419, 354273133219, vstest.console.dll, AssemblyResolver.AddSearchDirectories: Adding more searchDirectories C:\Program Files\dotnet\sdk\8.0.100\Extensions,C:\Program Files\dotnet\sdk\8.0.100
TpTrace Information: 0 : 27696, 1, 2024/01/15, 20:06:29.419, 354273134014, vstest.console.dll, AssemblyResolver.AddSearchDirectories: Adding more searchDirectories C:\Program Files\dotnet\sdk\8.0.100\Extensions,C:\Program Files\dotnet\sdk\8.0.100
TpTrace Information: 0 : 27696, 1, 2024/01/15, 20:06:29.420, 354273134331, vstest.console.dll, AssemblyResolver.AddSearchDirectories: Adding more searchDirectories C:\Program Files\dotnet\sdk\8.0.100\Extensions,C:\Program Files\dotnet\sdk\8.0.100
TpTrace Information: 0 : 27696, 1, 2024/01/15, 20:06:29.420, 354273134552, vstest.console.dll, AssemblyResolver.AddSearchDirectories: Adding more searchDirectories C:\Program Files\dotnet\sdk\8.0.100\Extensions,C:\Program Files\dotnet\sdk\8.0.100
TpTrace Information: 0 : 27696, 1, 2024/01/15, 20:06:29.420, 354273134759, vstest.console.dll, AssemblyResolver.AddSearchDirectories: Adding more searchDirectories C:\Program Files\dotnet\sdk\8.0.100\Extensions,C:\Program Files\dotnet\sdk\8.0.100
TpTrace Information: 0 : 27696, 1, 2024/01/15, 20:06:29.420, 354273134958, vstest.console.dll, AssemblyResolver.AddSearchDirectories: Adding more searchDirectories C:\Program Files\dotnet\sdk\8.0.100\Extensions,C:\Program Files\dotnet\sdk\8.0.100
TpTrace Information: 0 : 27696, 1, 2024/01/15, 20:06:29.420, 354273139136, vstest.console.dll, AssemblyResolver.OnResolve: Microsoft.Diagnostics.NETCore.Client: Resolving assembly.
TpTrace Information: 0 : 27696, 1, 2024/01/15, 20:06:29.420, 354273139774, vstest.console.dll, AssemblyResolver.OnResolve: Microsoft.Diagnostics.NETCore.Client: Searching in: 'C:\Program Files\dotnet\sdk\8.0.100\Extensions'.
TpTrace Information: 0 : 27696, 1, 2024/01/15, 20:06:29.426, 354273197436, vstest.console.dll, AssemblyResolver.OnResolve: Microsoft.Diagnostics.NETCore.Client: Loading assembly 'C:\Program Files\dotnet\sdk\8.0.100\Extensions\Microsoft.Diagnostics.NETCore.Client.dll'.
TpTrace Information: 0 : 27696, 1, 2024/01/15, 20:06:29.427, 354273204738, vstest.console.dll, AssemblyResolver.OnResolve: Resolved assembly: Microsoft.Diagnostics.NETCore.Client, from path: C:\Program Files\dotnet\sdk\8.0.100\Extensions\Microsoft.Diagnostics.NETCore.Client.dll
TpTrace Verbose: 0 : 27696, 1, 2024/01/15, 20:06:29.430, 354273241441, vstest.console.dll, MetadataReaderExtensionsHelper: Discovering extensions inside assembly 'Microsoft.Diagnostics.NETCore.Client, Version=0.2.8.21101, Culture=neutral, PublicKeyToken=31bf3856ad364e35' file path 'C:\Program Files\dotnet\sdk\8.0.100\Extensions\Microsoft.Diagnostics.NETCore.Client.dll'
TpTrace Information: 0 : 27696, 1, 2024/01/15, 20:06:29.433, 354273272908, vstest.console.dll, AssemblyResolver.OnResolve: Microsoft.Bcl.AsyncInterfaces: Resolving assembly.
TpTrace Information: 0 : 27696, 1, 2024/01/15, 20:06:29.433, 354273273762, vstest.console.dll, AssemblyResolver.OnResolve: Microsoft.Bcl.AsyncInterfaces: Searching in: 'C:\Program Files\dotnet\sdk\8.0.100\Extensions'.
TpTrace Information: 0 : 27696, 1, 2024/01/15, 20:06:29.434, 354273274357, vstest.console.dll, AssemblyResolver.OnResolve: Microsoft.Bcl.AsyncInterfaces: Assembly path does not exist: 'C:\Program Files\dotnet\sdk\8.0.100\Extensions\Microsoft.Bcl.AsyncInterfaces.dll', returning.
TpTrace Information: 0 : 27696, 1, 2024/01/15, 20:06:29.434, 354273275105, vstest.console.dll, AssemblyResolver.OnResolve: Microsoft.Bcl.AsyncInterfaces: Assembly path does not exist: 'C:\Program Files\dotnet\sdk\8.0.100\Extensions\Microsoft.Bcl.AsyncInterfaces.exe', returning.
TpTrace Information: 0 : 27696, 1, 2024/01/15, 20:06:29.434, 354273275409, vstest.console.dll, AssemblyResolver.OnResolve: Microsoft.Bcl.AsyncInterfaces: Searching in: 'C:\Program Files\dotnet\sdk\8.0.100'.
TpTrace Information: 0 : 27696, 1, 2024/01/15, 20:06:29.434, 354273275883, vstest.console.dll, AssemblyResolver.OnResolve: Microsoft.Bcl.AsyncInterfaces: Assembly path does not exist: 'C:\Program Files\dotnet\sdk\8.0.100\Microsoft.Bcl.AsyncInterfaces.dll', returning.
TpTrace Information: 0 : 27696, 1, 2024/01/15, 20:06:29.434, 354273276260, vstest.console.dll, AssemblyResolver.OnResolve: Microsoft.Bcl.AsyncInterfaces: Assembly path does not exist: 'C:\Program Files\dotnet\sdk\8.0.100\Microsoft.Bcl.AsyncInterfaces.exe', returning.
TpTrace Information: 0 : 27696, 1, 2024/01/15, 20:06:29.434, 354273276464, vstest.console.dll, AssemblyResolver.OnResolve: Microsoft.Bcl.AsyncInterfaces: Failed to load assembly.
TpTrace Verbose: 0 : 27696, 1, 2024/01/15, 20:06:29.434, 354273276717, vstest.console.dll, CurrentDomainAssemblyResolve: Resolving assembly 'Microsoft.Bcl.AsyncInterfaces'.
TpTrace Information: 0 : 27696, 1, 2024/01/15, 20:06:29.434, 354273277196, vstest.console.dll, AssemblyResolver.OnResolve: Microsoft.Bcl.AsyncInterfaces: Resolving assembly.
TpTrace Information: 0 : 27696, 1, 2024/01/15, 20:06:29.434, 354273277488, vstest.console.dll, AssemblyResolver.OnResolve: Microsoft.Bcl.AsyncInterfaces: Resolved from cache.
TpTrace Verbose: 0 : 27696, 1, 2024/01/15, 20:06:29.434, 354273277686, vstest.console.dll, CurrentDomainAssemblyResolve: Resolving assembly 'Microsoft.Bcl.AsyncInterfaces'.
TpTrace Verbose: 0 : 27696, 1, 2024/01/15, 20:06:29.434, 354273277924, vstest.console.dll, CurrentDomainAssemblyResolve: Failed to resolve assembly 'Microsoft.Bcl.AsyncInterfaces'.
TpTrace Verbose: 0 : 27696, 1, 2024/01/15, 20:06:29.434, 354273282538, vstest.console.dll, CurrentDomainAssemblyResolve: Failed to resolve assembly 'Microsoft.Bcl.AsyncInterfaces'.
TpTrace Warning: 0 : 27696, 1, 2024/01/15, 20:06:29.443, 354273369685, vstest.console.dll, TestPluginDiscoverer: Failed to get types from assembly 'Microsoft.Diagnostics.NETCore.Client, Version=0.2.8.21101, Culture=neutral, PublicKeyToken=31bf3856ad364e35'. Error: System.Reflection.ReflectionTypeLoadException: Unable to load one or more of the requested types.
Could not load file or assembly 'Microsoft.Bcl.AsyncInterfaces, Version=1.0.0.0, Culture=neutral, PublicKeyToken=cc7b13ffcd2ddd51'. The system cannot find the file specified.
   at System.Reflection.RuntimeModule.GetTypes(RuntimeModule module)
   at System.Reflection.RuntimeModule.GetTypes()
   at Microsoft.VisualStudio.TestPlatform.Common.ExtensionFramework.TestPluginDiscoverer.GetTestExtensionsFromAssembly[TPluginInfo,TExtension](Assembly assembly, Dictionary`2 pluginInfos, String filePath) in /_/src/Microsoft.TestPlatform.Common/ExtensionFramework/TestPluginDiscoverer.cs:line 158
System.IO.FileNotFoundException: Could not load file or assembly 'Microsoft.Bcl.AsyncInterfaces, Version=1.0.0.0, Culture=neutral, PublicKeyToken=cc7b13ffcd2ddd51'. The system cannot find the file specified.
File name: 'Microsoft.Bcl.AsyncInterfaces, Version=1.0.0.0, Culture=neutral, PublicKeyToken=cc7b13ffcd2ddd51'
 ---> System.IO.FileNotFoundException: Could not load file or assembly 'Microsoft.Bcl.AsyncInterfaces, Culture=neutral, PublicKeyToken=null'. The system cannot find the file specified.
File name: 'Microsoft.Bcl.AsyncInterfaces, Culture=neutral, PublicKeyToken=null'
   at System.Reflection.RuntimeAssembly.InternalLoad(AssemblyName assemblyName, StackCrawlMark& stackMark, AssemblyLoadContext assemblyLoadContext, RuntimeAssembly requestingAssembly, Boolean throwOnFileNotFound)
   at System.Reflection.Assembly.Load(AssemblyName assemblyRef)
   at Microsoft.VisualStudio.TestPlatform.Common.ExtensionFramework.TestPluginCache.CurrentDomainAssemblyResolve(Object sender, AssemblyResolveEventArgs args) in /_/src/Microsoft.TestPlatform.Common/ExtensionFramework/TestPluginCache.cs:line 513
   at System.Runtime.Loader.AssemblyLoadContext.GetFirstResolvedAssemblyFromResolvingEvent(AssemblyName assemblyName)
   at System.Runtime.Loader.AssemblyLoadContext.ResolveUsingEvent(AssemblyName assemblyName)
   at System.Runtime.Loader.AssemblyLoadContext.ResolveUsingResolvingEvent(IntPtr gchManagedAssemblyLoadContext, AssemblyName assemblyName)
TpTrace Warning: 0 : 27696, 1, 2024/01/15, 20:06:29.443, 354273372498, vstest.console.dll, LoaderExceptions: System.IO.FileNotFoundException: Could not load file or assembly 'Microsoft.Bcl.AsyncInterfaces, Version=1.0.0.0, Culture=neutral, PublicKeyToken=cc7b13ffcd2ddd51'. The system cannot find the file specified.
File name: 'Microsoft.Bcl.AsyncInterfaces, Version=1.0.0.0, Culture=neutral, PublicKeyToken=cc7b13ffcd2ddd51'
 ---> System.IO.FileNotFoundException: Could not load file or assembly 'Microsoft.Bcl.AsyncInterfaces, Culture=neutral, PublicKeyToken=null'. The system cannot find the file specified.
File name: 'Microsoft.Bcl.AsyncInterfaces, Culture=neutral, PublicKeyToken=null'
   at System.Reflection.RuntimeAssembly.InternalLoad(AssemblyName assemblyName, StackCrawlMark& stackMark, AssemblyLoadContext assemblyLoadContext, RuntimeAssembly requestingAssembly, Boolean throwOnFileNotFound)
   at System.Reflection.Assembly.Load(AssemblyName assemblyRef)
   at Microsoft.VisualStudio.TestPlatform.Common.ExtensionFramework.TestPluginCache.CurrentDomainAssemblyResolve(Object sender, AssemblyResolveEventArgs args) in /_/src/Microsoft.TestPlatform.Common/ExtensionFramework/TestPluginCache.cs:line 513
   at System.Runtime.Loader.AssemblyLoadContext.GetFirstResolvedAssemblyFromResolvingEvent(AssemblyName assemblyName)
   at System.Runtime.Loader.AssemblyLoadContext.ResolveUsingEvent(AssemblyName assemblyName)
   at System.Runtime.Loader.AssemblyLoadContext.ResolveUsingResolvingEvent(IntPtr gchManagedAssemblyLoadContext, AssemblyName assemblyName)
TpTrace Information: 0 : 27696, 1, 2024/01/15, 20:06:29.443, 354273373724, vstest.console.dll, AssemblyResolver.OnResolve: Microsoft.TestPlatform.Extensions.BlameDataCollector: Resolving assembly.
TpTrace Information: 0 : 27696, 1, 2024/01/15, 20:06:29.443, 354273374112, vstest.console.dll, AssemblyResolver.OnResolve: Microsoft.TestPlatform.Extensions.BlameDataCollector: Searching in: 'C:\Program Files\dotnet\sdk\8.0.100\Extensions'.
TpTrace Information: 0 : 27696, 1, 2024/01/15, 20:06:29.444, 354273379046, vstest.console.dll, AssemblyResolver.OnResolve: Microsoft.TestPlatform.Extensions.BlameDataCollector: Loading assembly 'C:\Program Files\dotnet\sdk\8.0.100\Extensions\Microsoft.TestPlatform.Extensions.BlameDataCollector.dll'.
TpTrace Information: 0 : 27696, 1, 2024/01/15, 20:06:29.444, 354273383806, vstest.console.dll, AssemblyResolver.OnResolve: Resolved assembly: Microsoft.TestPlatform.Extensions.BlameDataCollector, from path: C:\Program Files\dotnet\sdk\8.0.100\Extensions\Microsoft.TestPlatform.Extensions.BlameDataCollector.dll
TpTrace Verbose: 0 : 27696, 1, 2024/01/15, 20:06:29.445, 354273384591, vstest.console.dll, MetadataReaderExtensionsHelper: Discovering extensions inside assembly 'Microsoft.TestPlatform.Extensions.BlameDataCollector, Version=15.0.0.0, Culture=neutral, PublicKeyToken=b03f5f7f11d50a3a' file path 'C:\Program Files\dotnet\sdk\8.0.100\Extensions\Microsoft.TestPlatform.Extensions.BlameDataCollector.dll'
TpTrace Information: 0 : 27696, 1, 2024/01/15, 20:06:29.446, 354273396919, vstest.console.dll, AssemblyResolver.OnResolve: Microsoft.TestPlatform.Extensions.EventLogCollector: Resolving assembly.
TpTrace Information: 0 : 27696, 1, 2024/01/15, 20:06:29.446, 354273397728, vstest.console.dll, AssemblyResolver.OnResolve: Microsoft.TestPlatform.Extensions.EventLogCollector: Searching in: 'C:\Program Files\dotnet\sdk\8.0.100\Extensions'.
TpTrace Information: 0 : 27696, 1, 2024/01/15, 20:06:29.446, 354273401939, vstest.console.dll, AssemblyResolver.OnResolve: Microsoft.TestPlatform.Extensions.EventLogCollector: Loading assembly 'C:\Program Files\dotnet\sdk\8.0.100\Extensions\Microsoft.TestPlatform.Extensions.EventLogCollector.dll'.
TpTrace Information: 0 : 27696, 1, 2024/01/15, 20:06:29.447, 354273405743, vstest.console.dll, AssemblyResolver.OnResolve: Resolved assembly: Microsoft.TestPlatform.Extensions.EventLogCollector, from path: C:\Program Files\dotnet\sdk\8.0.100\Extensions\Microsoft.TestPlatform.Extensions.EventLogCollector.dll
TpTrace Verbose: 0 : 27696, 1, 2024/01/15, 20:06:29.447, 354273406237, vstest.console.dll, MetadataReaderExtensionsHelper: Discovering extensions inside assembly 'Microsoft.TestPlatform.Extensions.EventLogCollector, Version=15.0.0.0, Culture=neutral, PublicKeyToken=b03f5f7f11d50a3a' file path 'C:\Program Files\dotnet\sdk\8.0.100\Extensions\Microsoft.TestPlatform.Extensions.EventLogCollector.dll'
TpTrace Information: 0 : 27696, 1, 2024/01/15, 20:06:29.449, 354273429984, vstest.console.dll, AssemblyResolver.OnResolve: Microsoft.TestPlatform.TestHostRuntimeProvider: Resolving assembly.
TpTrace Information: 0 : 27696, 1, 2024/01/15, 20:06:29.449, 354273431040, vstest.console.dll, AssemblyResolver.OnResolve: Microsoft.TestPlatform.TestHostRuntimeProvider: Searching in: 'C:\Program Files\dotnet\sdk\8.0.100\Extensions'.
TpTrace Information: 0 : 27696, 1, 2024/01/15, 20:06:29.450, 354273436719, vstest.console.dll, AssemblyResolver.OnResolve: Microsoft.TestPlatform.TestHostRuntimeProvider: Loading assembly 'C:\Program Files\dotnet\sdk\8.0.100\Extensions\Microsoft.TestPlatform.TestHostRuntimeProvider.dll'.
TpTrace Information: 0 : 27696, 1, 2024/01/15, 20:06:29.450, 354273442668, vstest.console.dll, AssemblyResolver.OnResolve: Resolved assembly: Microsoft.TestPlatform.TestHostRuntimeProvider, from path: C:\Program Files\dotnet\sdk\8.0.100\Extensions\Microsoft.TestPlatform.TestHostRuntimeProvider.dll
TpTrace Verbose: 0 : 27696, 1, 2024/01/15, 20:06:29.450, 354273443708, vstest.console.dll, MetadataReaderExtensionsHelper: Discovering extensions inside assembly 'Microsoft.TestPlatform.TestHostRuntimeProvider, Version=15.0.0.0, Culture=neutral, PublicKeyToken=b03f5f7f11d50a3a' file path 'C:\Program Files\dotnet\sdk\8.0.100\Extensions\Microsoft.TestPlatform.TestHostRuntimeProvider.dll'
TpTrace Information: 0 : 27696, 1, 2024/01/15, 20:06:29.452, 354273463368, vstest.console.dll, GetTestExtensionFromType: Register extension with identifier data 'HostProvider://DefaultTestHost' and type 'Microsoft.VisualStudio.TestPlatform.CrossPlatEngine.Hosting.DefaultTestHostManager, Microsoft.TestPlatform.TestHostRuntimeProvider, Version=15.0.0.0, Culture=neutral, PublicKeyToken=b03f5f7f11d50a3a' inside file 'C:\Program Files\dotnet\sdk\8.0.100\Extensions\Microsoft.TestPlatform.TestHostRuntimeProvider.dll'
TpTrace Information: 0 : 27696, 1, 2024/01/15, 20:06:29.453, 354273466081, vstest.console.dll, GetTestExtensionFromType: Register extension with identifier data 'HostProvider://DotnetTestHost' and type 'Microsoft.VisualStudio.TestPlatform.CrossPlatEngine.Hosting.DotnetTestHostManager, Microsoft.TestPlatform.TestHostRuntimeProvider, Version=15.0.0.0, Culture=neutral, PublicKeyToken=b03f5f7f11d50a3a' inside file 'C:\Program Files\dotnet\sdk\8.0.100\Extensions\Microsoft.TestPlatform.TestHostRuntimeProvider.dll'
TpTrace Information: 0 : 27696, 1, 2024/01/15, 20:06:29.453, 354273466786, vstest.console.dll, AssemblyResolver.OnResolve: Microsoft.VisualStudio.TestPlatform.Extensions.Html.TestLogger: Resolving assembly.
TpTrace Information: 0 : 27696, 1, 2024/01/15, 20:06:29.453, 354273467049, vstest.console.dll, AssemblyResolver.OnResolve: Microsoft.VisualStudio.TestPlatform.Extensions.Html.TestLogger: Searching in: 'C:\Program Files\dotnet\sdk\8.0.100\Extensions'.
TpTrace Information: 0 : 27696, 1, 2024/01/15, 20:06:29.453, 354273471654, vstest.console.dll, AssemblyResolver.OnResolve: Microsoft.VisualStudio.TestPlatform.Extensions.Html.TestLogger: Loading assembly 'C:\Program Files\dotnet\sdk\8.0.100\Extensions\Microsoft.VisualStudio.TestPlatform.Extensions.Html.TestLogger.dll'.
TpTrace Information: 0 : 27696, 1, 2024/01/15, 20:06:29.454, 354273476249, vstest.console.dll, AssemblyResolver.OnResolve: Resolved assembly: Microsoft.VisualStudio.TestPlatform.Extensions.Html.TestLogger, from path: C:\Program Files\dotnet\sdk\8.0.100\Extensions\Microsoft.VisualStudio.TestPlatform.Extensions.Html.TestLogger.dll
TpTrace Verbose: 0 : 27696, 1, 2024/01/15, 20:06:29.454, 354273476867, vstest.console.dll, MetadataReaderExtensionsHelper: Discovering extensions inside assembly 'Microsoft.VisualStudio.TestPlatform.Extensions.Html.TestLogger, Version=15.0.0.0, Culture=neutral, PublicKeyToken=b03f5f7f11d50a3a' file path 'C:\Program Files\dotnet\sdk\8.0.100\Extensions\Microsoft.VisualStudio.TestPlatform.Extensions.Html.TestLogger.dll'
TpTrace Information: 0 : 27696, 1, 2024/01/15, 20:06:29.455, 354273485508, vstest.console.dll, AssemblyResolver.OnResolve: Microsoft.VisualStudio.TestPlatform.Extensions.Trx.TestLogger: Resolving assembly.
TpTrace Information: 0 : 27696, 1, 2024/01/15, 20:06:29.455, 354273486182, vstest.console.dll, AssemblyResolver.OnResolve: Microsoft.VisualStudio.TestPlatform.Extensions.Trx.TestLogger: Searching in: 'C:\Program Files\dotnet\sdk\8.0.100\Extensions'.
TpTrace Information: 0 : 27696, 1, 2024/01/15, 20:06:29.455, 354273490417, vstest.console.dll, AssemblyResolver.OnResolve: Microsoft.VisualStudio.TestPlatform.Extensions.Trx.TestLogger: Loading assembly 'C:\Program Files\dotnet\sdk\8.0.100\Extensions\Microsoft.VisualStudio.TestPlatform.Extensions.Trx.TestLogger.dll'.
TpTrace Information: 0 : 27696, 1, 2024/01/15, 20:06:29.456, 354273495719, vstest.console.dll, AssemblyResolver.OnResolve: Resolved assembly: Microsoft.VisualStudio.TestPlatform.Extensions.Trx.TestLogger, from path: C:\Program Files\dotnet\sdk\8.0.100\Extensions\Microsoft.VisualStudio.TestPlatform.Extensions.Trx.TestLogger.dll
TpTrace Verbose: 0 : 27696, 1, 2024/01/15, 20:06:29.456, 354273496347, vstest.console.dll, MetadataReaderExtensionsHelper: Discovering extensions inside assembly 'Microsoft.VisualStudio.TestPlatform.Extensions.Trx.TestLogger, Version=15.0.0.0, Culture=neutral, PublicKeyToken=b03f5f7f11d50a3a' file path 'C:\Program Files\dotnet\sdk\8.0.100\Extensions\Microsoft.VisualStudio.TestPlatform.Extensions.Trx.TestLogger.dll'
TpTrace Verbose: 0 : 27696, 1, 2024/01/15, 20:06:29.457, 354273506398, vstest.console.dll, TestPluginCache: Discovered the extensions using extension path ''.
TpTrace Verbose: 0 : 27696, 1, 2024/01/15, 20:06:29.457, 354273507068, vstest.console.dll, TestPluginCache: Discoverers are ''.
TpTrace Verbose: 0 : 27696, 1, 2024/01/15, 20:06:29.457, 354273507273, vstest.console.dll, TestPluginCache: Executors are ''.
TpTrace Verbose: 0 : 27696, 1, 2024/01/15, 20:06:29.457, 354273507438, vstest.console.dll, TestPluginCache: Executors2 are ''.
TpTrace Verbose: 0 : 27696, 1, 2024/01/15, 20:06:29.457, 354273507701, vstest.console.dll, TestPluginCache: Setting providers are ''.
TpTrace Verbose: 0 : 27696, 1, 2024/01/15, 20:06:29.457, 354273507871, vstest.console.dll, TestPluginCache: Loggers are ''.
TpTrace Verbose: 0 : 27696, 1, 2024/01/15, 20:06:29.457, 354273509200, vstest.console.dll, TestPluginCache: TestHosts are 'HostProvider://DefaultTestHost,HostProvider://DotnetTestHost'.
TpTrace Verbose: 0 : 27696, 1, 2024/01/15, 20:06:29.457, 354273509507, vstest.console.dll, TestPluginCache: DataCollectors are ''.
TpTrace Information: 0 : 27696, 1, 2024/01/15, 20:06:29.468, 354273620169, vstest.console.dll, RunTestsArgumentProcessor:Execute: Test run is starting.
TpTrace Verbose: 0 : 27696, 1, 2024/01/15, 20:06:29.468, 354273621201, vstest.console.dll, RunTestsArgumentProcessor:Execute: Queuing Test run.
TpTrace Information: 0 : 27696, 1, 2024/01/15, 20:06:29.468, 354273622978, vstest.console.dll, TestRequestManager.RunTests: run tests started.
TpTrace Information: 0 : 27696, 1, 2024/01/15, 20:06:29.469, 354273633754, vstest.console.dll, AssemblyMetadataProvider.GetFrameworkName: Determined framework:'.NETCoreApp,Version=v8.0' for source: 'C:\Users\neera\source\repos\BooksInventory\BooksInventory.Test\bin\Debug\fine-code-coverage-net8.0\BooksInventory.Tests.dll'
TpTrace Information: 0 : 27696, 1, 2024/01/15, 20:06:29.470, 354273635005, vstest.console.dll, Determined framework for all sources: .NETCoreApp,Version=v8.0
TpTrace Verbose: 0 : 27696, 1, 2024/01/15, 20:06:29.470, 354273637691, vstest.console.dll, TestRequestManager.UpdateRunSettingsIfRequired: Default architecture: X64 IsDefaultTargetArchitecture: True, Current process architecture: X64 OperatingSystem: Windows.
TpTrace Information: 0 : 27696, 1, 2024/01/15, 20:06:29.471, 354273650156, vstest.console.dll, AssemblyMetadataProvider.GetArchitecture: Determined architecture:AnyCPU info for assembly: C:\Users\neera\source\repos\BooksInventory\BooksInventory.Test\bin\Debug\fine-code-coverage-net8.0\BooksInventory.Tests.dll
TpTrace Information: 0 : 27696, 1, 2024/01/15, 20:06:29.471, 354273650678, vstest.console.dll, Determined platform for source 'C:\Users\neera\source\repos\BooksInventory\BooksInventory.Test\bin\Debug\fine-code-coverage-net8.0\BooksInventory.Tests.dll' was AnyCPU and it will use the default plaform X64.
TpTrace Information: 0 : 27696, 1, 2024/01/15, 20:06:29.471, 354273650874, vstest.console.dll, None of the sources provided any runnable platform, using the default platform: X64
TpTrace Information: 0 : 27696, 1, 2024/01/15, 20:06:29.471, 354273651725, vstest.console.dll, Platform was updated to 'X64'.
TpTrace Information: 0 : 27696, 1, 2024/01/15, 20:06:29.474, 354273676375, vstest.console.dll, InferRunSettingsHelper.IsTestSettingsEnabled: Unable to navigate to RunSettings/MSTest. Current node: RunSettings
TpTrace Information: 0 : 27696, 1, 2024/01/15, 20:06:29.474, 354273681455, vstest.console.dll, AssemblyResolver.OnResolve: Microsoft.VisualStudio.TestPlatform.Fakes: Resolving assembly.
TpTrace Information: 0 : 27696, 1, 2024/01/15, 20:06:29.474, 354273681976, vstest.console.dll, AssemblyResolver.OnResolve: Microsoft.VisualStudio.TestPlatform.Fakes: Searching in: 'C:\Program Files\dotnet\sdk\8.0.100\Extensions'.
TpTrace Information: 0 : 27696, 1, 2024/01/15, 20:06:29.474, 354273682699, vstest.console.dll, AssemblyResolver.OnResolve: Microsoft.VisualStudio.TestPlatform.Fakes: Assembly path does not exist: 'C:\Program Files\dotnet\sdk\8.0.100\Extensions\Microsoft.VisualStudio.TestPlatform.Fakes.dll', returning.
TpTrace Information: 0 : 27696, 1, 2024/01/15, 20:06:29.474, 354273683162, vstest.console.dll, AssemblyResolver.OnResolve: Microsoft.VisualStudio.TestPlatform.Fakes: Assembly path does not exist: 'C:\Program Files\dotnet\sdk\8.0.100\Extensions\Microsoft.VisualStudio.TestPlatform.Fakes.exe', returning.
TpTrace Information: 0 : 27696, 1, 2024/01/15, 20:06:29.474, 354273683457, vstest.console.dll, AssemblyResolver.OnResolve: Microsoft.VisualStudio.TestPlatform.Fakes: Searching in: 'C:\Program Files\dotnet\sdk\8.0.100'.
TpTrace Information: 0 : 27696, 1, 2024/01/15, 20:06:29.474, 354273683897, vstest.console.dll, AssemblyResolver.OnResolve: Microsoft.VisualStudio.TestPlatform.Fakes: Assembly path does not exist: 'C:\Program Files\dotnet\sdk\8.0.100\Microsoft.VisualStudio.TestPlatform.Fakes.dll', returning.
TpTrace Information: 0 : 27696, 1, 2024/01/15, 20:06:29.475, 354273684310, vstest.console.dll, AssemblyResolver.OnResolve: Microsoft.VisualStudio.TestPlatform.Fakes: Assembly path does not exist: 'C:\Program Files\dotnet\sdk\8.0.100\Microsoft.VisualStudio.TestPlatform.Fakes.exe', returning.
TpTrace Information: 0 : 27696, 1, 2024/01/15, 20:06:29.475, 354273684715, vstest.console.dll, AssemblyResolver.OnResolve: Microsoft.VisualStudio.TestPlatform.Fakes: Failed to load assembly.
TpTrace Information: 0 : 27696, 1, 2024/01/15, 20:06:29.475, 354273686796, vstest.console.dll, Failed to load assembly Microsoft.VisualStudio.TestPlatform.Fakes, Version=17.0.0.0, Culture=neutral. Reason:System.IO.FileNotFoundException: Could not load file or assembly 'Microsoft.VisualStudio.TestPlatform.Fakes, Version=17.0.0.0, Culture=neutral, PublicKeyToken=null'. The system cannot find the file specified.
File name: 'Microsoft.VisualStudio.TestPlatform.Fakes, Version=17.0.0.0, Culture=neutral, PublicKeyToken=null'
   at System.Reflection.RuntimeAssembly.InternalLoad(AssemblyName assemblyName, StackCrawlMark& stackMark, AssemblyLoadContext assemblyLoadContext, RuntimeAssembly requestingAssembly, Boolean throwOnFileNotFound)
   at System.Reflection.Assembly.Load(AssemblyName assemblyRef)
   at Microsoft.VisualStudio.TestPlatform.Common.Utilities.FakesUtilities.LoadTestPlatformAssembly() in /_/src/Microsoft.TestPlatform.Common/Utilities/FakesUtilities.cs:line 272
TpTrace Verbose: 0 : 27696, 1, 2024/01/15, 20:06:29.477, 354273711187, vstest.console.dll, TestPluginCache.DiscoverTestExtensions: finding test extensions in assemblies ends with: TestLogger.dll TPluginInfo: Microsoft.VisualStudio.TestPlatform.Common.ExtensionFramework.Utilities.TestLoggerPluginInformation TExtension: Microsoft.VisualStudio.TestPlatform.ObjectModel.Client.ITestLogger
TpTrace Verbose: 0 : 27696, 1, 2024/01/15, 20:06:29.477, 354273712084, vstest.console.dll, TestPluginCache.GetExtensionPaths: Filtered extension paths: 
TpTrace Verbose: 0 : 27696, 1, 2024/01/15, 20:06:29.477, 354273712402, vstest.console.dll, TestPluginCache.GetExtensionPaths: Added default extension paths: C:\Program Files\dotnet\sdk\8.0.100\Extensions\Microsoft.Diagnostics.NETCore.Client.dll
C:\Program Files\dotnet\sdk\8.0.100\Extensions\Microsoft.TestPlatform.Extensions.BlameDataCollector.dll
C:\Program Files\dotnet\sdk\8.0.100\Extensions\Microsoft.TestPlatform.Extensions.EventLogCollector.dll
C:\Program Files\dotnet\sdk\8.0.100\Extensions\Microsoft.TestPlatform.TestHostRuntimeProvider.dll
C:\Program Files\dotnet\sdk\8.0.100\Extensions\Microsoft.VisualStudio.TestPlatform.Extensions.Html.TestLogger.dll
C:\Program Files\dotnet\sdk\8.0.100\Extensions\Microsoft.VisualStudio.TestPlatform.Extensions.Trx.TestLogger.dll
TpTrace Verbose: 0 : 27696, 1, 2024/01/15, 20:06:29.477, 354273712598, vstest.console.dll, TestPluginCache.GetExtensionPaths: Added unfilterableExtensionPaths: 
TpTrace Information: 0 : 27696, 1, 2024/01/15, 20:06:29.477, 354273713609, vstest.console.dll, AssemblyResolver.AddSearchDirectories: Adding more searchDirectories C:\Program Files\dotnet\sdk\8.0.100\Extensions,C:\Program Files\dotnet\sdk\8.0.100
TpTrace Verbose: 0 : 27696, 1, 2024/01/15, 20:06:29.477, 354273713925, vstest.console.dll, TestPluginCache.DiscoverTestExtensions: Discovering the extensions using extension path.
TpTrace Verbose: 0 : 27696, 1, 2024/01/15, 20:06:29.477, 354273714148, vstest.console.dll, TestPluginCache.GetExtensionPaths: Filtered extension paths: 
TpTrace Verbose: 0 : 27696, 1, 2024/01/15, 20:06:29.478, 354273714367, vstest.console.dll, TestPluginCache.GetExtensionPaths: Added default extension paths: C:\Program Files\dotnet\sdk\8.0.100\Extensions\Microsoft.Diagnostics.NETCore.Client.dll
C:\Program Files\dotnet\sdk\8.0.100\Extensions\Microsoft.TestPlatform.Extensions.BlameDataCollector.dll
C:\Program Files\dotnet\sdk\8.0.100\Extensions\Microsoft.TestPlatform.Extensions.EventLogCollector.dll
C:\Program Files\dotnet\sdk\8.0.100\Extensions\Microsoft.TestPlatform.TestHostRuntimeProvider.dll
C:\Program Files\dotnet\sdk\8.0.100\Extensions\Microsoft.VisualStudio.TestPlatform.Extensions.Html.TestLogger.dll
C:\Program Files\dotnet\sdk\8.0.100\Extensions\Microsoft.VisualStudio.TestPlatform.Extensions.Trx.TestLogger.dll
TpTrace Verbose: 0 : 27696, 1, 2024/01/15, 20:06:29.478, 354273714558, vstest.console.dll, TestPluginCache.GetExtensionPaths: Added unfilterableExtensionPaths: 
TpTrace Verbose: 0 : 27696, 1, 2024/01/15, 20:06:29.478, 354273714772, vstest.console.dll, TestPluginCache.DiscoverTestExtensions: Discovering the extensions using allExtensionPaths: C:\Program Files\dotnet\sdk\8.0.100\Extensions\Microsoft.Diagnostics.NETCore.Client.dll
C:\Program Files\dotnet\sdk\8.0.100\Extensions\Microsoft.TestPlatform.Extensions.BlameDataCollector.dll
C:\Program Files\dotnet\sdk\8.0.100\Extensions\Microsoft.TestPlatform.Extensions.EventLogCollector.dll
C:\Program Files\dotnet\sdk\8.0.100\Extensions\Microsoft.TestPlatform.TestHostRuntimeProvider.dll
C:\Program Files\dotnet\sdk\8.0.100\Extensions\Microsoft.VisualStudio.TestPlatform.Extensions.Html.TestLogger.dll
C:\Program Files\dotnet\sdk\8.0.100\Extensions\Microsoft.VisualStudio.TestPlatform.Extensions.Trx.TestLogger.dll
TpTrace Information: 0 : 27696, 1, 2024/01/15, 20:06:29.478, 354273715089, vstest.console.dll, AssemblyResolver.AddSearchDirectories: Adding more searchDirectories C:\Program Files\dotnet\sdk\8.0.100\Extensions,C:\Program Files\dotnet\sdk\8.0.100
TpTrace Information: 0 : 27696, 1, 2024/01/15, 20:06:29.478, 354273715331, vstest.console.dll, AssemblyResolver.AddSearchDirectories: Adding more searchDirectories C:\Program Files\dotnet\sdk\8.0.100\Extensions,C:\Program Files\dotnet\sdk\8.0.100
TpTrace Information: 0 : 27696, 1, 2024/01/15, 20:06:29.478, 354273715561, vstest.console.dll, AssemblyResolver.AddSearchDirectories: Adding more searchDirectories C:\Program Files\dotnet\sdk\8.0.100\Extensions,C:\Program Files\dotnet\sdk\8.0.100
TpTrace Information: 0 : 27696, 1, 2024/01/15, 20:06:29.478, 354273715761, vstest.console.dll, AssemblyResolver.AddSearchDirectories: Adding more searchDirectories C:\Program Files\dotnet\sdk\8.0.100\Extensions,C:\Program Files\dotnet\sdk\8.0.100
TpTrace Information: 0 : 27696, 1, 2024/01/15, 20:06:29.478, 354273715957, vstest.console.dll, AssemblyResolver.AddSearchDirectories: Adding more searchDirectories C:\Program Files\dotnet\sdk\8.0.100\Extensions,C:\Program Files\dotnet\sdk\8.0.100
TpTrace Information: 0 : 27696, 1, 2024/01/15, 20:06:29.478, 354273716197, vstest.console.dll, AssemblyResolver.AddSearchDirectories: Adding more searchDirectories C:\Program Files\dotnet\sdk\8.0.100\Extensions,C:\Program Files\dotnet\sdk\8.0.100
TpTrace Verbose: 0 : 27696, 1, 2024/01/15, 20:06:29.478, 354273716944, vstest.console.dll, MetadataReaderExtensionsHelper: Discovering extensions inside assembly 'Microsoft.Diagnostics.NETCore.Client, Version=0.2.8.21101, Culture=neutral, PublicKeyToken=31bf3856ad364e35' file path 'C:\Program Files\dotnet\sdk\8.0.100\Extensions\Microsoft.Diagnostics.NETCore.Client.dll'
TpTrace Information: 0 : 27696, 1, 2024/01/15, 20:06:29.479, 354273724551, vstest.console.dll, AssemblyResolver.OnResolve: Microsoft.Bcl.AsyncInterfaces: Resolving assembly.
TpTrace Information: 0 : 27696, 1, 2024/01/15, 20:06:29.479, 354273725046, vstest.console.dll, AssemblyResolver.OnResolve: Microsoft.Bcl.AsyncInterfaces: Resolved from cache.
TpTrace Verbose: 0 : 27696, 1, 2024/01/15, 20:06:29.479, 354273725258, vstest.console.dll, CurrentDomainAssemblyResolve: Resolving assembly 'Microsoft.Bcl.AsyncInterfaces'.
TpTrace Information: 0 : 27696, 1, 2024/01/15, 20:06:29.479, 354273725587, vstest.console.dll, AssemblyResolver.OnResolve: Microsoft.Bcl.AsyncInterfaces: Resolving assembly.
TpTrace Information: 0 : 27696, 1, 2024/01/15, 20:06:29.479, 354273725787, vstest.console.dll, AssemblyResolver.OnResolve: Microsoft.Bcl.AsyncInterfaces: Resolved from cache.
TpTrace Verbose: 0 : 27696, 1, 2024/01/15, 20:06:29.479, 354273726039, vstest.console.dll, CurrentDomainAssemblyResolve: Resolving assembly 'Microsoft.Bcl.AsyncInterfaces'.
TpTrace Verbose: 0 : 27696, 1, 2024/01/15, 20:06:29.479, 354273726210, vstest.console.dll, CurrentDomainAssemblyResolve: Failed to resolve assembly 'Microsoft.Bcl.AsyncInterfaces'.
TpTrace Verbose: 0 : 27696, 1, 2024/01/15, 20:06:29.479, 354273727238, vstest.console.dll, CurrentDomainAssemblyResolve: Failed to resolve assembly 'Microsoft.Bcl.AsyncInterfaces'.
TpTrace Warning: 0 : 27696, 1, 2024/01/15, 20:06:29.479, 354273729621, vstest.console.dll, TestPluginDiscoverer: Failed to get types from assembly 'Microsoft.Diagnostics.NETCore.Client, Version=0.2.8.21101, Culture=neutral, PublicKeyToken=31bf3856ad364e35'. Error: System.Reflection.ReflectionTypeLoadException: Unable to load one or more of the requested types.
Could not load file or assembly 'Microsoft.Bcl.AsyncInterfaces, Version=1.0.0.0, Culture=neutral, PublicKeyToken=cc7b13ffcd2ddd51'. The system cannot find the file specified.
   at System.Reflection.RuntimeModule.GetTypes(RuntimeModule module)
   at System.Reflection.RuntimeModule.GetTypes()
   at Microsoft.VisualStudio.TestPlatform.Common.ExtensionFramework.TestPluginDiscoverer.GetTestExtensionsFromAssembly[TPluginInfo,TExtension](Assembly assembly, Dictionary`2 pluginInfos, String filePath) in /_/src/Microsoft.TestPlatform.Common/ExtensionFramework/TestPluginDiscoverer.cs:line 158
System.IO.FileNotFoundException: Could not load file or assembly 'Microsoft.Bcl.AsyncInterfaces, Version=1.0.0.0, Culture=neutral, PublicKeyToken=cc7b13ffcd2ddd51'. The system cannot find the file specified.
File name: 'Microsoft.Bcl.AsyncInterfaces, Version=1.0.0.0, Culture=neutral, PublicKeyToken=cc7b13ffcd2ddd51'
 ---> System.IO.FileNotFoundException: Could not load file or assembly 'Microsoft.Bcl.AsyncInterfaces, Culture=neutral, PublicKeyToken=null'. The system cannot find the file specified.
File name: 'Microsoft.Bcl.AsyncInterfaces, Culture=neutral, PublicKeyToken=null'
   at System.Reflection.RuntimeAssembly.InternalLoad(AssemblyName assemblyName, StackCrawlMark& stackMark, AssemblyLoadContext assemblyLoadContext, RuntimeAssembly requestingAssembly, Boolean throwOnFileNotFound)
   at System.Reflection.Assembly.Load(AssemblyName assemblyRef)
   at Microsoft.VisualStudio.TestPlatform.Common.ExtensionFramework.TestPluginCache.CurrentDomainAssemblyResolve(Object sender, AssemblyResolveEventArgs args) in /_/src/Microsoft.TestPlatform.Common/ExtensionFramework/TestPluginCache.cs:line 513
   at System.Runtime.Loader.AssemblyLoadContext.GetFirstResolvedAssemblyFromResolvingEvent(AssemblyName assemblyName)
   at System.Runtime.Loader.AssemblyLoadContext.ResolveUsingEvent(AssemblyName assemblyName)
   at System.Runtime.Loader.AssemblyLoadContext.ResolveUsingResolvingEvent(IntPtr gchManagedAssemblyLoadContext, AssemblyName assemblyName)
TpTrace Warning: 0 : 27696, 1, 2024/01/15, 20:06:29.479, 354273730826, vstest.console.dll, LoaderExceptions: System.IO.FileNotFoundException: Could not load file or assembly 'Microsoft.Bcl.AsyncInterfaces, Version=1.0.0.0, Culture=neutral, PublicKeyToken=cc7b13ffcd2ddd51'. The system cannot find the file specified.
File name: 'Microsoft.Bcl.AsyncInterfaces, Version=1.0.0.0, Culture=neutral, PublicKeyToken=cc7b13ffcd2ddd51'
 ---> System.IO.FileNotFoundException: Could not load file or assembly 'Microsoft.Bcl.AsyncInterfaces, Culture=neutral, PublicKeyToken=null'. The system cannot find the file specified.
File name: 'Microsoft.Bcl.AsyncInterfaces, Culture=neutral, PublicKeyToken=null'
   at System.Reflection.RuntimeAssembly.InternalLoad(AssemblyName assemblyName, StackCrawlMark& stackMark, AssemblyLoadContext assemblyLoadContext, RuntimeAssembly requestingAssembly, Boolean throwOnFileNotFound)
   at System.Reflection.Assembly.Load(AssemblyName assemblyRef)
   at Microsoft.VisualStudio.TestPlatform.Common.ExtensionFramework.TestPluginCache.CurrentDomainAssemblyResolve(Object sender, AssemblyResolveEventArgs args) in /_/src/Microsoft.TestPlatform.Common/ExtensionFramework/TestPluginCache.cs:line 513
   at System.Runtime.Loader.AssemblyLoadContext.GetFirstResolvedAssemblyFromResolvingEvent(AssemblyName assemblyName)
   at System.Runtime.Loader.AssemblyLoadContext.ResolveUsingEvent(AssemblyName assemblyName)
   at System.Runtime.Loader.AssemblyLoadContext.ResolveUsingResolvingEvent(IntPtr gchManagedAssemblyLoadContext, AssemblyName assemblyName)
TpTrace Verbose: 0 : 27696, 1, 2024/01/15, 20:06:29.479, 354273731500, vstest.console.dll, MetadataReaderExtensionsHelper: Discovering extensions inside assembly 'Microsoft.TestPlatform.Extensions.BlameDataCollector, Version=15.0.0.0, Culture=neutral, PublicKeyToken=b03f5f7f11d50a3a' file path 'C:\Program Files\dotnet\sdk\8.0.100\Extensions\Microsoft.TestPlatform.Extensions.BlameDataCollector.dll'
TpTrace Information: 0 : 27696, 1, 2024/01/15, 20:06:29.480, 354273737219, vstest.console.dll, GetTestExtensionFromType: Register extension with identifier data 'logger://Microsoft/TestPlatform/Extensions/Blame/v1' and type 'Microsoft.TestPlatform.Extensions.BlameDataCollector.BlameLogger, Microsoft.TestPlatform.Extensions.BlameDataCollector, Version=15.0.0.0, Culture=neutral, PublicKeyToken=b03f5f7f11d50a3a' inside file 'C:\Program Files\dotnet\sdk\8.0.100\Extensions\Microsoft.TestPlatform.Extensions.BlameDataCollector.dll'
TpTrace Verbose: 0 : 27696, 1, 2024/01/15, 20:06:29.480, 354273737671, vstest.console.dll, MetadataReaderExtensionsHelper: Discovering extensions inside assembly 'Microsoft.TestPlatform.Extensions.EventLogCollector, Version=15.0.0.0, Culture=neutral, PublicKeyToken=b03f5f7f11d50a3a' file path 'C:\Program Files\dotnet\sdk\8.0.100\Extensions\Microsoft.TestPlatform.Extensions.EventLogCollector.dll'
TpTrace Verbose: 0 : 27696, 1, 2024/01/15, 20:06:29.480, 354273740927, vstest.console.dll, MetadataReaderExtensionsHelper: Discovering extensions inside assembly 'Microsoft.TestPlatform.TestHostRuntimeProvider, Version=15.0.0.0, Culture=neutral, PublicKeyToken=b03f5f7f11d50a3a' file path 'C:\Program Files\dotnet\sdk\8.0.100\Extensions\Microsoft.TestPlatform.TestHostRuntimeProvider.dll'
TpTrace Verbose: 0 : 27696, 1, 2024/01/15, 20:06:29.481, 354273747184, vstest.console.dll, MetadataReaderExtensionsHelper: Discovering extensions inside assembly 'Microsoft.VisualStudio.TestPlatform.Extensions.Html.TestLogger, Version=15.0.0.0, Culture=neutral, PublicKeyToken=b03f5f7f11d50a3a' file path 'C:\Program Files\dotnet\sdk\8.0.100\Extensions\Microsoft.VisualStudio.TestPlatform.Extensions.Html.TestLogger.dll'
TpTrace Information: 0 : 27696, 1, 2024/01/15, 20:06:29.482, 354273757578, vstest.console.dll, GetTestExtensionFromType: Register extension with identifier data 'logger://Microsoft/TestPlatform/HtmlLogger/v1' and type 'Microsoft.VisualStudio.TestPlatform.Extensions.HtmlLogger.HtmlLogger, Microsoft.VisualStudio.TestPlatform.Extensions.Html.TestLogger, Version=15.0.0.0, Culture=neutral, PublicKeyToken=b03f5f7f11d50a3a' inside file 'C:\Program Files\dotnet\sdk\8.0.100\Extensions\Microsoft.VisualStudio.TestPlatform.Extensions.Html.TestLogger.dll'
TpTrace Verbose: 0 : 27696, 1, 2024/01/15, 20:06:29.482, 354273758835, vstest.console.dll, MetadataReaderExtensionsHelper: Discovering extensions inside assembly 'Microsoft.VisualStudio.TestPlatform.Extensions.Trx.TestLogger, Version=15.0.0.0, Culture=neutral, PublicKeyToken=b03f5f7f11d50a3a' file path 'C:\Program Files\dotnet\sdk\8.0.100\Extensions\Microsoft.VisualStudio.TestPlatform.Extensions.Trx.TestLogger.dll'
TpTrace Information: 0 : 27696, 1, 2024/01/15, 20:06:29.483, 354273767566, vstest.console.dll, GetTestExtensionFromType: Register extension with identifier data 'logger://Microsoft/TestPlatform/TrxLogger/v1' and type 'Microsoft.VisualStudio.TestPlatform.Extensions.TrxLogger.TrxLogger, Microsoft.VisualStudio.TestPlatform.Extensions.Trx.TestLogger, Version=15.0.0.0, Culture=neutral, PublicKeyToken=b03f5f7f11d50a3a' inside file 'C:\Program Files\dotnet\sdk\8.0.100\Extensions\Microsoft.VisualStudio.TestPlatform.Extensions.Trx.TestLogger.dll'
TpTrace Verbose: 0 : 27696, 1, 2024/01/15, 20:06:29.483, 354273768944, vstest.console.dll, TestPluginCache: Discovered the extensions using extension path ''.
TpTrace Verbose: 0 : 27696, 1, 2024/01/15, 20:06:29.483, 354273769318, vstest.console.dll, TestPluginCache: Discoverers are ''.
TpTrace Verbose: 0 : 27696, 1, 2024/01/15, 20:06:29.483, 354273769500, vstest.console.dll, TestPluginCache: Executors are ''.
TpTrace Verbose: 0 : 27696, 1, 2024/01/15, 20:06:29.483, 354273769667, vstest.console.dll, TestPluginCache: Executors2 are ''.
TpTrace Verbose: 0 : 27696, 1, 2024/01/15, 20:06:29.483, 354273769829, vstest.console.dll, TestPluginCache: Setting providers are ''.
TpTrace Verbose: 0 : 27696, 1, 2024/01/15, 20:06:29.483, 354273770366, vstest.console.dll, TestPluginCache: Loggers are 'logger://Microsoft/TestPlatform/Extensions/Blame/v1,logger://Microsoft/TestPlatform/HtmlLogger/v1,logger://Microsoft/TestPlatform/TrxLogger/v1'.
TpTrace Verbose: 0 : 27696, 1, 2024/01/15, 20:06:29.483, 354273770774, vstest.console.dll, TestPluginCache: TestHosts are 'HostProvider://DefaultTestHost,HostProvider://DotnetTestHost'.
TpTrace Verbose: 0 : 27696, 1, 2024/01/15, 20:06:29.483, 354273770987, vstest.console.dll, TestPluginCache: DataCollectors are ''.
TpTrace Information: 0 : 27696, 1, 2024/01/15, 20:06:29.484, 354273777701, vstest.console.dll, TestPluginManager.CreateTestExtension: Attempting to load test extension: Microsoft.TestPlatform.Extensions.BlameDataCollector.BlameLogger
TpTrace Verbose: 0 : 27696, 1, 2024/01/15, 20:06:29.490, 354273838235, vstest.console.dll, TestEngine: Initializing Parallel Execution as MaxCpuCount is set to: 1
TpTrace Information: 0 : 27696, 1, 2024/01/15, 20:06:29.491, 354273849794, vstest.console.dll, TestPluginManager.CreateTestExtension: Attempting to load test extension: Microsoft.VisualStudio.TestPlatform.CrossPlatEngine.Hosting.DefaultTestHostManager
TpTrace Information: 0 : 27696, 1, 2024/01/15, 20:06:29.492, 354273855634, vstest.console.dll, TestPluginManager.CreateTestExtension: Attempting to load test extension: Microsoft.VisualStudio.TestPlatform.CrossPlatEngine.Hosting.DotnetTestHostManager
TpTrace Information: 0 : 27696, 1, 2024/01/15, 20:06:29.492, 354273860378, vstest.console.dll, InferRunSettingsHelper.IsTestSettingsEnabled: Unable to navigate to RunSettings/MSTest. Current node: RunSettings
TpTrace Verbose: 0 : 27696, 1, 2024/01/15, 20:06:29.493, 354273864401, vstest.console.dll, ParallelOperationManager.ClearSlots: Clearing all slots. Slots should accept more work: True
TpTrace Verbose: 0 : 27696, 1, 2024/01/15, 20:06:29.493, 354273869019, vstest.console.dll, ParallelOperationManager.SetOccupiedSlotCount: Setting slot counts AvailableSlotCount = 1, OccupiedSlotCount = 0.
TpTrace Verbose: 0 : 27696, 1, 2024/01/15, 20:06:29.493, 354273871508, vstest.console.dll, Occupied slots:

TpTrace Verbose: 0 : 27696, 1, 2024/01/15, 20:06:29.496, 354273896456, vstest.console.dll, TestEngine.GetExecutionManager: Chosen execution manager 'Microsoft.VisualStudio.TestPlatform.CrossPlatEngine.Client.Parallel.ParallelProxyExecutionManager, Microsoft.TestPlatform.CrossPlatEngine, Version=15.0.0.0, Culture=neutral, PublicKeyToken=b03f5f7f11d50a3a' ParallelLevel '1'.
TpTrace Verbose: 0 : 27696, 1, 2024/01/15, 20:06:29.496, 354273897688, vstest.console.dll, TestRunRequest.ExecuteAsync: Creating test run request.
TpTrace Verbose: 0 : 27696, 1, 2024/01/15, 20:06:29.496, 354273899412, vstest.console.dll, TestRunRequest.ExecuteAsync: Starting.
TpTrace Information: 0 : 27696, 1, 2024/01/15, 20:06:29.497, 354273913510, vstest.console.dll, TestRunRequest.ExecuteAsync: Starting run with settings:TestRunCriteria:
   KeepAlive=False,FrequencyOfRunStatsChangeEvent=10,RunStatsChangeEventTimeout=00:00:01.5000000,TestCaseFilter=,TestExecutorLauncher=
   Settingsxml=<RunSettings>
  <RunConfiguration>
    <ResultsDirectory>C:\Users\neera\source\repos\BooksInventory\BooksInventory.Test\bin\Debug\net8.0\fine-code-coverage\coverage-tool-output</ResultsDirectory>
    <TargetPlatform>X64</TargetPlatform>
    <TargetFrameworkVersion>.NETCoreApp,Version=v8.0</TargetFrameworkVersion>
    <DesignMode>False</DesignMode>
    <CollectSourceInformation>False</CollectSourceInformation>
  </RunConfiguration>
  <LoggerRunSettings>
    <Loggers>
      <Logger friendlyName="blame" enabled="True" />
      <Logger friendlyName="Console" uri="logger://microsoft/TestPlatform/ConsoleLogger/v1" assemblyQualifiedName="Microsoft.VisualStudio.TestPlatform.CommandLine.Internal.ConsoleLogger, vstest.console, Version=15.0.0.0, Culture=neutral, PublicKeyToken=b03f5f7f11d50a3a" codeBase="C:\Program Files\dotnet\sdk\8.0.100\vstest.console.dll" enabled="True" />
    </Loggers>
  </LoggerRunSettings>
  <DataCollectionRunSettings>
    <DataCollectors>
      <DataCollector friendlyName="blame" enabled="True">
        <Configuration>
          <ResultsDirectory>C:\Users\neera\source\repos\BooksInventory\BooksInventory.Test\bin\Debug\net8.0\fine-code-coverage\coverage-tool-output</ResultsDirectory>
        </Configuration>
      </DataCollector>
    </DataCollectors>
  </DataCollectionRunSettings>
</RunSettings>

TpTrace Verbose: 0 : 27696, 1, 2024/01/15, 20:06:29.498, 354273914621, vstest.console.dll, TestRunRequest.ExecuteAsync: Wait for the first run request is over.
TpTrace Verbose: 0 : 27696, 1, 2024/01/15, 20:06:29.498, 354273918284, vstest.console.dll, MulticastDelegateUtilities.SafeInvoke: TestRun.TestRunStart: Invoking callbacks was skipped because there are no subscribers.
TpTrace Verbose: 0 : 27696, 4, 2024/01/15, 20:06:29.498, 354273922491, vstest.console.dll, MulticastDelegateUtilities.SafeInvoke: InternalTestLoggerEvents.SendTestRunStart: Invoking callback 1/1 for Microsoft.VisualStudio.TestPlatform.CommandLine.Internal.ConsoleLogger., took 0 ms.
TpTrace Verbose: 0 : 27696, 1, 2024/01/15, 20:06:29.499, 354273929589, vstest.console.dll, ParallelProxyExecutionManager: Start execution. Total sources: 1
TpTrace Verbose: 0 : 27696, 1, 2024/01/15, 20:06:29.500, 354273934865, vstest.console.dll, ParallelOperationManager.StartWork: Starting adding 1 workloads.
TpTrace Verbose: 0 : 27696, 1, 2024/01/15, 20:06:29.500, 354273935816, vstest.console.dll, ParallelOperationManager.ClearSlots: Clearing all slots. Slots should accept more work: True
TpTrace Verbose: 0 : 27696, 1, 2024/01/15, 20:06:29.500, 354273936691, vstest.console.dll, ParallelOperationManager.SetOccupiedSlotCount: Setting slot counts AvailableSlotCount = 1, OccupiedSlotCount = 0.
TpTrace Verbose: 0 : 27696, 1, 2024/01/15, 20:06:29.500, 354273937261, vstest.console.dll, Occupied slots:

TpTrace Verbose: 0 : 27696, 1, 2024/01/15, 20:06:29.501, 354273949877, vstest.console.dll, TestRequestSender is acting as server.
TpTrace Verbose: 0 : 27696, 1, 2024/01/15, 20:06:29.502, 354273957736, vstest.console.dll, ParallelOperationManager.RunWorkInParallel: Adding 1 workload to slot, remaining workloads 0.
TpTrace Verbose: 0 : 27696, 1, 2024/01/15, 20:06:29.502, 354273958168, vstest.console.dll, ParallelOperationManager.SetOccupiedSlotCount: Setting slot counts AvailableSlotCount = 0, OccupiedSlotCount = 1.
TpTrace Verbose: 0 : 27696, 1, 2024/01/15, 20:06:29.502, 354273958932, vstest.console.dll, Occupied slots:
0: C:\Users\neera\source\repos\BooksInventory\BooksInventory.Test\bin\Debug\fine-code-coverage-net8.0\BooksInventory.Tests.dll
TpTrace Verbose: 0 : 27696, 1, 2024/01/15, 20:06:29.503, 354273967033, vstest.console.dll, ParallelOperationManager.RunWorkInParallel: Started host in slot number 0 for work (source): C:\Users\neera\source\repos\BooksInventory\BooksInventory.Test\bin\Debug\fine-code-coverage-net8.0\BooksInventory.Tests.dll.
TpTrace Verbose: 0 : 27696, 1, 2024/01/15, 20:06:29.503, 354273972415, vstest.console.dll, ParallelOperationManager.RunWorkInParallel: We started 1 work items, which is the max parallel level. Won't start more work.
TpTrace Verbose: 0 : 27696, 1, 2024/01/15, 20:06:29.503, 354273972954, vstest.console.dll, ParallelOperationManager.RunWorkInParallel: We started 1 work items in here, returning True.
TpTrace Information: 0 : 27696, 1, 2024/01/15, 20:06:29.503, 354273973311, vstest.console.dll, TestRunRequest.ExecuteAsync: Started.
TpTrace Verbose: 0 : 27696, 5, 2024/01/15, 20:06:29.503, 354273973885, vstest.console.dll, ParallelProxyExecutionManager.StartTestRunOnConcurrentManager: Initializing uninitialized client. Started clients: 0
TpTrace Verbose: 0 : 27696, 5, 2024/01/15, 20:06:29.504, 354273974959, vstest.console.dll, DataCollectionRequestSender.InitializeCommunication : Initialize communication. 
TpTrace Verbose: 0 : 27696, 1, 2024/01/15, 20:06:29.504, 354273977836, vstest.console.dll, TestRunRequest.WaitForCompletion: Waiting with timeout -1.
TpTrace Information: 0 : 27696, 5, 2024/01/15, 20:06:29.509, 354274025306, vstest.console.dll, Listening on Endpoint : 127.0.0.1:12367
TpTrace Verbose: 0 : 27696, 5, 2024/01/15, 20:06:29.514, 354274080140, vstest.console.dll, DotnetDataCollectionLauncher: Adding  --runtimeconfig "C:\Program Files\dotnet\sdk\8.0.100\datacollector.runtimeconfig.json" in args
TpTrace Verbose: 0 : 27696, 5, 2024/01/15, 20:06:29.514, 354274081836, vstest.console.dll, DotnetDataCollectionLauncher: Adding  --depsfile "C:\Program Files\dotnet\sdk\8.0.100\datacollector.deps.json" in args
TpTrace Verbose: 0 : 27696, 5, 2024/01/15, 20:06:29.514, 354274083599, vstest.console.dll, DotnetDataCollectionLauncher: Full path of dotnet.exe is C:\Program Files\dotnet\dotnet.exe
TpTrace Information: 0 : 27696, 5, 2024/01/15, 20:06:29.520, 354274136339, vstest.console.dll, ProxyDataCollectionManager.Initialize: Launched datacollector processId: 27492 port: 12367
TpTrace Information: 0 : 27696, 5, 2024/01/15, 20:06:29.520, 354274137709, vstest.console.dll, ProxyDataCollectionManager.Initialize: waiting for connection with timeout: 90 seconds
TpTrace Verbose: 0 : 27696, 5, 2024/01/15, 20:06:29.520, 354274138306, vstest.console.dll, DataCollectionRequestSender.WaitForRequestHandlerConnection : Waiting for connection with timeout: 90000
TpTrace Information: 0 : 27696, 7, 2024/01/15, 20:06:29.641, 354275348685, vstest.console.dll, Using the buffer size of 16384 bytes
TpTrace Verbose: 0 : 27696, 5, 2024/01/15, 20:06:29.641, 354275348781, vstest.console.dll, SocketCommunicationManager.WaitForClientConnection took: 120 ms, with 90000 ms timeout, and finished with True.
TpTrace Information: 0 : 27696, 7, 2024/01/15, 20:06:29.641, 354275349539, vstest.console.dll, Accepted Client request and set the flag
TpTrace Verbose: 0 : 27696, 5, 2024/01/15, 20:06:29.641, 354275350249, vstest.console.dll, ProxyDataCollectionManager.InvokeDataCollectionServiceAction: Starting.
TpTrace Information: 0 : 27696, 5, 2024/01/15, 20:06:29.641, 354275351276, vstest.console.dll, ProxyDataCollectionManager.BeforeTestRunStart: Get environment variable and port for datacollector processId: 27492 port: 12367
TpTrace Verbose: 0 : 27696, 5, 2024/01/15, 20:06:29.641, 354275352312, vstest.console.dll, DataCollectionRequestSender.SendBeforeTestRunStartAndGetResult: Send BeforeTestRunStart message with settingsXml <RunSettings><RunConfiguration><ResultsDirectory>C:\Users\neera\source\repos\BooksInventory\BooksInventory.Test\bin\Debug\net8.0\fine-code-coverage\coverage-tool-output</ResultsDirectory><TargetPlatform>X64</TargetPlatform><TargetFrameworkVersion>.NETCoreApp,Version=v8.0</TargetFrameworkVersion><DesignMode>False</DesignMode><CollectSourceInformation>False</CollectSourceInformation><TestAdaptersPaths>C:\Program Files\dotnet\sdk\8.0.100\Extensions</TestAdaptersPaths></RunConfiguration><LoggerRunSettings><Loggers><Logger friendlyName="blame" enabled="True" /><Logger friendlyName="Console" uri="logger://microsoft/TestPlatform/ConsoleLogger/v1" assemblyQualifiedName="Microsoft.VisualStudio.TestPlatform.CommandLine.Internal.ConsoleLogger, vstest.console, Version=15.0.0.0, Culture=neutral, PublicKeyToken=b03f5f7f11d50a3a" codeBase="C:\Program Files\dotnet\sdk\8.0.100\vstest.console.dll" enabled="True" /></Loggers></LoggerRunSettings><DataCollectionRunSettings><DataCollectors><DataCollector friendlyName="blame" enabled="True"><Configuration><ResultsDirectory>C:\Users\neera\source\repos\BooksInventory\BooksInventory.Test\bin\Debug\net8.0\fine-code-coverage\coverage-tool-output</ResultsDirectory></Configuration></DataCollector></DataCollectors></DataCollectionRunSettings></RunSettings> and sources System.Collections.Generic.List`1[System.String]: 
TpTrace Verbose: 0 : 27696, 5, 2024/01/15, 20:06:29.678, 354275720535, vstest.console.dll, DataCollectionRequestSender.SendBeforeTestRunStartAndGetResult: Received message: (DataCollection.SendMessage) -> {"MessageType":"DataCollection.SendMessage","Payload":{"FriendlyName":null,"Uri":null,"TestCaseId":"00000000-0000-0000-0000-000000000000","Message":"Logging DataCollector Diagnostics in file: C:\\Users\\neera\\source\\repos\\BooksInventory\\BooksInventory.Test\\bin\\Debug\\net8.0\\fine-code-coverage\\coverage-tool-output\\diagnostics.datacollector.24-01-15_20-06-29_51433_5.log","Level":0}}
TpTrace Verbose: 0 : 27696, 5, 2024/01/15, 20:06:29.741, 354276347578, vstest.console.dll, DataCollectionRequestSender.SendBeforeTestRunStartAndGetResult: Received message: (DataCollection.BeforeTestRunStartResult) -> {"MessageType":"DataCollection.BeforeTestRunStartResult","Payload":{"EnvironmentVariables":{},"DataCollectionEventsPort":12369}}
TpTrace Information: 0 : 27696, 5, 2024/01/15, 20:06:29.744, 354276377319, vstest.console.dll, ProxyDataCollectionManager.BeforeTestRunStart: SendBeforeTestRunStartAndGetResult successful, env variable from datacollector:   and testhost port: 12369
TpTrace Information: 0 : 27696, 5, 2024/01/15, 20:06:29.744, 354276377861, vstest.console.dll, ProxyDataCollectionManager.InvokeDataCollectionServiceAction: Completed.
TpTrace Verbose: 0 : 27696, 5, 2024/01/15, 20:06:29.744, 354276378092, vstest.console.dll, ParallelProxyExecutionManager.StartTestRunOnConcurrentManager: Initializing test run. Started clients: 0
TpTrace Verbose: 0 : 27696, 5, 2024/01/15, 20:06:29.744, 354276378629, vstest.console.dll, ProxyExecutionManager: Test host is always Lazy initialize.
TpTrace Verbose: 0 : 27696, 5, 2024/01/15, 20:06:29.744, 354276379948, vstest.console.dll, TestRequestSender.InitializeCommunication: initialize communication. 
TpTrace Information: 0 : 27696, 5, 2024/01/15, 20:06:29.744, 354276383465, vstest.console.dll, SocketServer.Start: Listening on endpoint : 127.0.0.1:12370
TpTrace Verbose: 0 : 27696, 5, 2024/01/15, 20:06:29.745, 354276388057, vstest.console.dll, DotnetTestHostmanager.GetTestHostProcessStartInfo: Platform environment 'X64' target architecture 'X64' framework '.NETCoreApp,Version=v8.0' OS 'Windows'
TpTrace Verbose: 0 : 27696, 5, 2024/01/15, 20:06:29.745, 354276389411, vstest.console.dll, DotnetTestHostmanager: Adding  --runtimeconfig "C:\Users\neera\source\repos\BooksInventory\BooksInventory.Test\bin\Debug\fine-code-coverage-net8.0\BooksInventory.Tests.runtimeconfig.json" in args
TpTrace Verbose: 0 : 27696, 5, 2024/01/15, 20:06:29.745, 354276390023, vstest.console.dll, DotnetTestHostmanager: Adding  --depsfile "C:\Users\neera\source\repos\BooksInventory\BooksInventory.Test\bin\Debug\fine-code-coverage-net8.0\BooksInventory.Tests.deps.json" in args
TpTrace Verbose: 0 : 27696, 5, 2024/01/15, 20:06:29.745, 354276391882, vstest.console.dll, DotnetTestHostmanager.IsWinOnArm: Current PROCESSOR_ARCHITECTURE from environment variable 'AMD64'
TpTrace Verbose: 0 : 27696, 5, 2024/01/15, 20:06:29.745, 354276392299, vstest.console.dll, DotnetTestHostmanager.IsWinOnArm: Is Windows on ARM 'False'
TpTrace Verbose: 0 : 27696, 5, 2024/01/15, 20:06:29.745, 354276392840, vstest.console.dll, DotnetTestHostManager: testhost.exe found at path: C:\Users\neera\source\repos\BooksInventory\BooksInventory.Test\bin\Debug\fine-code-coverage-net8.0\testhost.exe
TpTrace Verbose: 0 : 27696, 5, 2024/01/15, 20:06:29.745, 354276393115, vstest.console.dll, DotnetTestHostmanager: Full path of host exe is C:\Users\neera\source\repos\BooksInventory\BooksInventory.Test\bin\Debug\fine-code-coverage-net8.0\testhost.exe
TpTrace Verbose: 0 : 27696, 5, 2024/01/15, 20:06:29.745, 354276393885, vstest.console.dll, DotnetTestHostmanager.LaunchTestHostAsync: Found 'VSTEST_WINAPPHOST_DOTNET_ROOT' in env variables, value 'C:\Program Files\dotnet', forwarding to 'DOTNET_ROOT'
TpTrace Verbose: 0 : 27696, 5, 2024/01/15, 20:06:29.746, 354276394835, vstest.console.dll, DotnetTestHostManager: Starting process 'C:\Users\neera\source\repos\BooksInventory\BooksInventory.Test\bin\Debug\fine-code-coverage-net8.0\testhost.exe' with command line ' --runtimeconfig "C:\Users\neera\source\repos\BooksInventory\BooksInventory.Test\bin\Debug\fine-code-coverage-net8.0\BooksInventory.Tests.runtimeconfig.json" --depsfile "C:\Users\neera\source\repos\BooksInventory\BooksInventory.Test\bin\Debug\fine-code-coverage-net8.0\BooksInventory.Tests.deps.json" --port 12370 --endpoint 127.0.0.1:012370 --role client --parentprocessid 27696 --diag "C:\Users\neera\source\repos\BooksInventory\BooksInventory.Test\bin\Debug\net8.0\fine-code-coverage\coverage-tool-output\diagnostics.host.24-01-15_20-06-29_74517_5.log" --tracelevel 4 --datacollectionport 12369 --telemetryoptedin false'
TpTrace Verbose: 0 : 27696, 5, 2024/01/15, 20:06:29.750, 354276440057, vstest.console.dll, MulticastDelegateUtilities.SafeInvoke: HostProviderEvents.OnHostLaunched: Invoking callback 1/2 for Microsoft.VisualStudio.TestPlatform.CrossPlatEngine.Client.ProxyExecutionManagerWithDataCollection., took 1 ms.
TpTrace Verbose: 0 : 27696, 5, 2024/01/15, 20:06:29.750, 354276442282, vstest.console.dll, Test Runtime launched
TpTrace Verbose: 0 : 27696, 5, 2024/01/15, 20:06:29.750, 354276442759, vstest.console.dll, MulticastDelegateUtilities.SafeInvoke: HostProviderEvents.OnHostLaunched: Invoking callback 2/2 for Microsoft.VisualStudio.TestPlatform.CrossPlatEngine.Client.ProxyOperationManager., took 0 ms.
TpTrace Verbose: 0 : 27696, 5, 2024/01/15, 20:06:29.750, 354276443640, vstest.console.dll, TestRequestSender.WaitForRequestHandlerConnection: waiting for connection with timeout: 90000.
TpTrace Verbose: 0 : 27696, 7, 2024/01/15, 20:06:29.862, 354277560644, vstest.console.dll, MulticastDelegateUtilities.SafeInvoke: SocketServer: ClientConnected: Invoking callback 1/1 for Microsoft.VisualStudio.TestPlatform.CommunicationUtilities.TestRequestSender., took 0 ms.
TpTrace Verbose: 0 : 27696, 5, 2024/01/15, 20:06:29.862, 354277560983, vstest.console.dll, TestRequestSender.WaitForRequestHandlerConnection: waiting took 111 ms, with timeout 90000 ms, and result 0, which is success.
TpTrace Verbose: 0 : 27696, 7, 2024/01/15, 20:06:29.862, 354277561657, vstest.console.dll, SocketServer.OnClientConnected: Client connected for endPoint: 127.0.0.1:12370, starting MessageLoopAsync:
TpTrace Verbose: 0 : 27696, 7, 2024/01/15, 20:06:29.863, 354277566384, vstest.console.dll, TcpClientExtensions.MessageLoopAsync: Polling on remoteEndPoint: 127.0.0.1:12371 localEndPoint: 127.0.0.1:12370
TpTrace Verbose: 0 : 27696, 5, 2024/01/15, 20:06:29.863, 354277569923, vstest.console.dll, TestRequestSender.CheckVersionWithTestHost: Sending check version message: {"MessageType":"ProtocolVersion","Payload":7}
TpTrace Verbose: 0 : 27696, 7, 2024/01/15, 20:06:29.939, 354278330168, vstest.console.dll, TcpClientExtensions.MessageLoopAsync: NotifyDataAvailable remoteEndPoint: 127.0.0.1:12371 localEndPoint: 127.0.0.1:12370
TpTrace Verbose: 0 : 27696, 7, 2024/01/15, 20:06:29.939, 354278331583, vstest.console.dll, TestRequestSender.CheckVersionWithTestHost: onMessageReceived received message: (ProtocolVersion) -> {"MessageType":"ProtocolVersion","Payload":7}
TpTrace Verbose: 0 : 27696, 7, 2024/01/15, 20:06:29.940, 354278335320, vstest.console.dll, MulticastDelegateUtilities.SafeInvoke: LengthPrefixCommunicationChannel: MessageReceived: Invoking callback 1/1 for Microsoft.VisualStudio.TestPlatform.CommunicationUtilities.TestRequestSender+<>c__DisplayClass29_0., took 0 ms.
TpTrace Verbose: 0 : 27696, 5, 2024/01/15, 20:06:29.940, 354278335897, vstest.console.dll, TestPluginCache.GetExtensionPaths: Filtered extension paths: 
TpTrace Verbose: 0 : 27696, 5, 2024/01/15, 20:06:29.940, 354278336381, vstest.console.dll, TestPluginCache.GetExtensionPaths: Added default extension paths: C:\Program Files\dotnet\sdk\8.0.100\Extensions\Microsoft.Diagnostics.NETCore.Client.dll
C:\Program Files\dotnet\sdk\8.0.100\Extensions\Microsoft.TestPlatform.Extensions.BlameDataCollector.dll
C:\Program Files\dotnet\sdk\8.0.100\Extensions\Microsoft.TestPlatform.Extensions.EventLogCollector.dll
C:\Program Files\dotnet\sdk\8.0.100\Extensions\Microsoft.TestPlatform.TestHostRuntimeProvider.dll
C:\Program Files\dotnet\sdk\8.0.100\Extensions\Microsoft.VisualStudio.TestPlatform.Extensions.Html.TestLogger.dll
C:\Program Files\dotnet\sdk\8.0.100\Extensions\Microsoft.VisualStudio.TestPlatform.Extensions.Trx.TestLogger.dll
TpTrace Verbose: 0 : 27696, 5, 2024/01/15, 20:06:29.940, 354278336652, vstest.console.dll, TestPluginCache.GetExtensionPaths: Added unfilterableExtensionPaths: 
TpTrace Verbose: 0 : 27696, 7, 2024/01/15, 20:06:29.940, 354278335908, vstest.console.dll, TcpClientExtensions.MessageLoopAsync: Polling on remoteEndPoint: 127.0.0.1:12371 localEndPoint: 127.0.0.1:12370
TpTrace Verbose: 0 : 27696, 5, 2024/01/15, 20:06:29.941, 354278353300, vstest.console.dll, TestRequestSender.InitializeExecution: Sending initialize execution with message: {"Version":7,"MessageType":"TestExecution.Initialize","Payload":["C:\\Users\\neera\\source\\repos\\BooksInventory\\BooksInventory.Test\\bin\\Debug\\fine-code-coverage-net8.0\\NUnit3.TestAdapter.dll"]}
TpTrace Verbose: 0 : 27696, 5, 2024/01/15, 20:06:29.942, 354278354460, vstest.console.dll, ParallelProxyExecutionManager.StartTestRunOnConcurrentManager: Execution starting. Started clients: 1
TpTrace Verbose: 0 : 27696, 5, 2024/01/15, 20:06:29.942, 354278356161, vstest.console.dll, TestRunRequest:SendTestRunMessage: Starting.
TpTrace Verbose: 0 : 27696, 5, 2024/01/15, 20:06:29.942, 354278357178, vstest.console.dll, MulticastDelegateUtilities.SafeInvoke: TestRun.LogMessages: Invoking callback 1/1 for Microsoft.VisualStudio.TestPlatform.CommandLine.TestRunResultAggregator., took 0 ms.
TpTrace Information: 0 : 27696, 5, 2024/01/15, 20:06:29.942, 354278357516, vstest.console.dll, TestRunRequest:SendTestRunMessage: Completed.
TpTrace Verbose: 0 : 27696, 4, 2024/01/15, 20:06:29.942, 354278359830, vstest.console.dll, MulticastDelegateUtilities.SafeInvoke: InternalTestLoggerEvents.SendTestRunMessage: Invoking callback 1/1 for Microsoft.VisualStudio.TestPlatform.CommandLine.Internal.ConsoleLogger., took 0 ms.
TpTrace Warning: 0 : 27696, 5, 2024/01/15, 20:06:29.942, 354278361016, vstest.console.dll, InferRunSettingsHelper.MakeRunsettingsCompatible: Removing the following settings: TargetPlatform from RunSettings file. To use those settings please move to latest version of Microsoft.NET.Test.Sdk
TpTrace Verbose: 0 : 27696, 7, 2024/01/15, 20:06:29.944, 354278375062, vstest.console.dll, TcpClientExtensions.MessageLoopAsync: NotifyDataAvailable remoteEndPoint: 127.0.0.1:12371 localEndPoint: 127.0.0.1:12370
TpTrace Verbose: 0 : 27696, 7, 2024/01/15, 20:06:29.944, 354278378038, vstest.console.dll, TestRequestSender.OnExecutionMessageReceived: Received message: {"Version":7,"MessageType":"TestSession.Message","Payload":{"MessageLevel":0,"Message":"Logging TestHost Diagnostics in file: C:\\Users\\neera\\source\\repos\\BooksInventory\\BooksInventory.Test\\bin\\Debug\\net8.0\\fine-code-coverage\\coverage-tool-output\\diagnostics.host.24-01-15_20-06-29_74517_5.log"}}
TpTrace Verbose: 0 : 27696, 7, 2024/01/15, 20:06:29.949, 354278433327, vstest.console.dll, TestRunRequest:SendTestRunMessage: Starting.
TpTrace Verbose: 0 : 27696, 7, 2024/01/15, 20:06:29.950, 354278434930, vstest.console.dll, MulticastDelegateUtilities.SafeInvoke: TestRun.LogMessages: Invoking callback 1/1 for Microsoft.VisualStudio.TestPlatform.CommandLine.TestRunResultAggregator., took 0 ms.
TpTrace Information: 0 : 27696, 7, 2024/01/15, 20:06:29.950, 354278435433, vstest.console.dll, TestRunRequest:SendTestRunMessage: Completed.
TpTrace Verbose: 0 : 27696, 4, 2024/01/15, 20:06:29.950, 354278434936, vstest.console.dll, MulticastDelegateUtilities.SafeInvoke: InternalTestLoggerEvents.SendTestRunMessage: Invoking callback 1/1 for Microsoft.VisualStudio.TestPlatform.CommandLine.Internal.ConsoleLogger., took 0 ms.
TpTrace Verbose: 0 : 27696, 7, 2024/01/15, 20:06:29.950, 354278435843, vstest.console.dll, MulticastDelegateUtilities.SafeInvoke: LengthPrefixCommunicationChannel: MessageReceived: Invoking callback 1/1 for Microsoft.VisualStudio.TestPlatform.CommunicationUtilities.TestRequestSender+<>c__DisplayClass34_0., took 5 ms.
TpTrace Verbose: 0 : 27696, 7, 2024/01/15, 20:06:29.950, 354278436816, vstest.console.dll, TcpClientExtensions.MessageLoopAsync: Polling on remoteEndPoint: 127.0.0.1:12371 localEndPoint: 127.0.0.1:12370
TpTrace Verbose: 0 : 27696, 5, 2024/01/15, 20:06:29.950, 354278437715, vstest.console.dll, TestRequestSender.StartTestRun: Sending test run with message: {"Version":7,"MessageType":"TestExecution.StartWithSources","Payload":{"AdapterSourceMap":{"_none_":["C:\\Users\\neera\\source\\repos\\BooksInventory\\BooksInventory.Test\\bin\\Debug\\fine-code-coverage-net8.0\\BooksInventory.Tests.dll"]},"RunSettings":"<RunSettings>\r\n  <RunConfiguration>\r\n    <ResultsDirectory>C:\\Users\\neera\\source\\repos\\BooksInventory\\BooksInventory.Test\\bin\\Debug\\net8.0\\fine-code-coverage\\coverage-tool-output</ResultsDirectory>\r\n    <TargetFrameworkVersion>.NETCoreApp,Version=v8.0</TargetFrameworkVersion>\r\n    <DesignMode>False</DesignMode>\r\n    <CollectSourceInformation>False</CollectSourceInformation>\r\n  </RunConfiguration>\r\n  <LoggerRunSettings>\r\n    <Loggers>\r\n      <Logger friendlyName=\"blame\" enabled=\"True\" />\r\n      <Logger friendlyName=\"Console\" uri=\"logger://microsoft/TestPlatform/ConsoleLogger/v1\" assemblyQualifiedName=\"Microsoft.VisualStudio.TestPlatform.CommandLine.Internal.ConsoleLogger, vstest.console, Version=15.0.0.0, Culture=neutral, PublicKeyToken=b03f5f7f11d50a3a\" codeBase=\"C:\\Program Files\\dotnet\\sdk\\8.0.100\\vstest.console.dll\" enabled=\"True\" />\r\n    </Loggers>\r\n  </LoggerRunSettings>\r\n  <DataCollectionRunSettings>\r\n    <DataCollectors>\r\n      <DataCollector friendlyName=\"blame\" enabled=\"True\">\r\n        <Configuration>\r\n          <ResultsDirectory>C:\\Users\\neera\\source\\repos\\BooksInventory\\BooksInventory.Test\\bin\\Debug\\net8.0\\fine-code-coverage\\coverage-tool-output</ResultsDirectory>\r\n        </Configuration>\r\n      </DataCollector>\r\n    </DataCollectors>\r\n  </DataCollectionRunSettings>\r\n</RunSettings>","TestExecutionContext":{"FrequencyOfRunStatsChangeEvent":10,"RunStatsChangeEventTimeout":"00:00:01.5000000","InIsolation":false,"KeepAlive":false,"AreTestCaseLevelEventsRequired":false,"IsDebug":false,"TestCaseFilter":null,"FilterOptions":null},"Package":null}}
TpTrace Verbose: 0 : 27696, 5, 2024/01/15, 20:06:29.950, 354278438786, vstest.console.dll, ParallelProxyExecutionManager.StartTestRunOnConcurrentManager: Execution started. Started clients: 1
TpTrace Verbose: 0 : 27696, 7, 2024/01/15, 20:06:30.051, 354279444994, vstest.console.dll, TcpClientExtensions.MessageLoopAsync: NotifyDataAvailable remoteEndPoint: 127.0.0.1:12371 localEndPoint: 127.0.0.1:12370
TpTrace Verbose: 0 : 27696, 7, 2024/01/15, 20:06:30.051, 354279445925, vstest.console.dll, TestRequestSender.OnExecutionMessageReceived: Received message: {"Version":7,"MessageType":"TestSession.Message","Payload":{"MessageLevel":0,"Message":"NUnit Adapter 4.5.0.0: Test execution started"}}
TpTrace Verbose: 0 : 27696, 7, 2024/01/15, 20:06:30.051, 354279447131, vstest.console.dll, TestRunRequest:SendTestRunMessage: Starting.
TpTrace Verbose: 0 : 27696, 7, 2024/01/15, 20:06:30.051, 354279447571, vstest.console.dll, MulticastDelegateUtilities.SafeInvoke: TestRun.LogMessages: Invoking callback 1/1 for Microsoft.VisualStudio.TestPlatform.CommandLine.TestRunResultAggregator., took 0 ms.
TpTrace Information: 0 : 27696, 7, 2024/01/15, 20:06:30.051, 354279447784, vstest.console.dll, TestRunRequest:SendTestRunMessage: Completed.
TpTrace Verbose: 0 : 27696, 4, 2024/01/15, 20:06:30.051, 354279447750, vstest.console.dll, MulticastDelegateUtilities.SafeInvoke: InternalTestLoggerEvents.SendTestRunMessage: Invoking callback 1/1 for Microsoft.VisualStudio.TestPlatform.CommandLine.Internal.ConsoleLogger., took 0 ms.
TpTrace Verbose: 0 : 27696, 7, 2024/01/15, 20:06:30.051, 354279448002, vstest.console.dll, MulticastDelegateUtilities.SafeInvoke: LengthPrefixCommunicationChannel: MessageReceived: Invoking callback 1/1 for Microsoft.VisualStudio.TestPlatform.CommunicationUtilities.TestRequestSender+<>c__DisplayClass34_0., took 0 ms.
TpTrace Verbose: 0 : 27696, 7, 2024/01/15, 20:06:30.051, 354279448622, vstest.console.dll, TcpClientExtensions.MessageLoopAsync: Polling on remoteEndPoint: 127.0.0.1:12371 localEndPoint: 127.0.0.1:12370
TpTrace Verbose: 0 : 27696, 7, 2024/01/15, 20:06:30.066, 354279602400, vstest.console.dll, TcpClientExtensions.MessageLoopAsync: NotifyDataAvailable remoteEndPoint: 127.0.0.1:12371 localEndPoint: 127.0.0.1:12370
TpTrace Verbose: 0 : 27696, 7, 2024/01/15, 20:06:30.066, 354279603348, vstest.console.dll, TestRequestSender.OnExecutionMessageReceived: Received message: {"Version":7,"MessageType":"TestSession.Message","Payload":{"MessageLevel":0,"Message":"Running all tests in C:\\Users\\neera\\source\\repos\\BooksInventory\\BooksInventory.Test\\bin\\Debug\\fine-code-coverage-net8.0\\BooksInventory.Tests.dll"}}
TpTrace Verbose: 0 : 27696, 7, 2024/01/15, 20:06:30.067, 354279604130, vstest.console.dll, TestRunRequest:SendTestRunMessage: Starting.
TpTrace Verbose: 0 : 27696, 7, 2024/01/15, 20:06:30.067, 354279604525, vstest.console.dll, MulticastDelegateUtilities.SafeInvoke: TestRun.LogMessages: Invoking callback 1/1 for Microsoft.VisualStudio.TestPlatform.CommandLine.TestRunResultAggregator., took 0 ms.
TpTrace Information: 0 : 27696, 7, 2024/01/15, 20:06:30.067, 354279604730, vstest.console.dll, TestRunRequest:SendTestRunMessage: Completed.
TpTrace Verbose: 0 : 27696, 7, 2024/01/15, 20:06:30.067, 354279604935, vstest.console.dll, MulticastDelegateUtilities.SafeInvoke: LengthPrefixCommunicationChannel: MessageReceived: Invoking callback 1/1 for Microsoft.VisualStudio.TestPlatform.CommunicationUtilities.TestRequestSender+<>c__DisplayClass34_0., took 0 ms.
TpTrace Verbose: 0 : 27696, 4, 2024/01/15, 20:06:30.067, 354279605057, vstest.console.dll, MulticastDelegateUtilities.SafeInvoke: InternalTestLoggerEvents.SendTestRunMessage: Invoking callback 1/1 for Microsoft.VisualStudio.TestPlatform.CommandLine.Internal.ConsoleLogger., took 0 ms.
TpTrace Verbose: 0 : 27696, 7, 2024/01/15, 20:06:30.067, 354279605123, vstest.console.dll, TcpClientExtensions.MessageLoopAsync: Polling on remoteEndPoint: 127.0.0.1:12371 localEndPoint: 127.0.0.1:12370
TpTrace Verbose: 0 : 27696, 7, 2024/01/15, 20:06:30.146, 354280402806, vstest.console.dll, TcpClientExtensions.MessageLoopAsync: NotifyDataAvailable remoteEndPoint: 127.0.0.1:12371 localEndPoint: 127.0.0.1:12370
TpTrace Verbose: 0 : 27696, 7, 2024/01/15, 20:06:30.146, 354280403726, vstest.console.dll, TestRequestSender.OnExecutionMessageReceived: Received message: {"Version":7,"MessageType":"TestSession.Message","Payload":{"MessageLevel":0,"Message":"   NUnit3TestExecutor discovered 22 of 22 NUnit test cases using Current Discovery mode, Non-Explicit run"}}
TpTrace Verbose: 0 : 27696, 7, 2024/01/15, 20:06:30.147, 354280404450, vstest.console.dll, TestRunRequest:SendTestRunMessage: Starting.
TpTrace Verbose: 0 : 27696, 7, 2024/01/15, 20:06:30.147, 354280404847, vstest.console.dll, MulticastDelegateUtilities.SafeInvoke: TestRun.LogMessages: Invoking callback 1/1 for Microsoft.VisualStudio.TestPlatform.CommandLine.TestRunResultAggregator., took 0 ms.
TpTrace Information: 0 : 27696, 7, 2024/01/15, 20:06:30.147, 354280405049, vstest.console.dll, TestRunRequest:SendTestRunMessage: Completed.
TpTrace Verbose: 0 : 27696, 7, 2024/01/15, 20:06:30.147, 354280405254, vstest.console.dll, MulticastDelegateUtilities.SafeInvoke: LengthPrefixCommunicationChannel: MessageReceived: Invoking callback 1/1 for Microsoft.VisualStudio.TestPlatform.CommunicationUtilities.TestRequestSender+<>c__DisplayClass34_0., took 0 ms.
TpTrace Verbose: 0 : 27696, 4, 2024/01/15, 20:06:30.147, 354280405373, vstest.console.dll, MulticastDelegateUtilities.SafeInvoke: InternalTestLoggerEvents.SendTestRunMessage: Invoking callback 1/1 for Microsoft.VisualStudio.TestPlatform.CommandLine.Internal.ConsoleLogger., took 0 ms.
TpTrace Verbose: 0 : 27696, 7, 2024/01/15, 20:06:30.147, 354280405446, vstest.console.dll, TcpClientExtensions.MessageLoopAsync: Polling on remoteEndPoint: 127.0.0.1:12371 localEndPoint: 127.0.0.1:12370
TpTrace Verbose: 0 : 27696, 7, 2024/01/15, 20:06:30.413, 354283071641, vstest.console.dll, TcpClientExtensions.MessageLoopAsync: NotifyDataAvailable remoteEndPoint: 127.0.0.1:12371 localEndPoint: 127.0.0.1:12370
TpTrace Verbose: 0 : 27696, 7, 2024/01/15, 20:06:30.414, 354283073808, vstest.console.dll, TestRequestSender.OnExecutionMessageReceived: Received message: {"Version":7,"MessageType":"TestExecution.StatsChange","Payload":{"NewTestResults":[{"TestCase":{"Id":"9ea02aa1-9900-5afd-d06a-e05b73a952bf","FullyQualifiedName":"BooksInventory.Tests.ControllerTests.AuthControllerTests.Login_InvalidInput_ReturnsBadRequest","DisplayName":"Login_InvalidInput_ReturnsBadRequest","ExecutorUri":"executor://NUnit3TestExecutor","Source":"C:\\Users\\neera\\source\\repos\\BooksInventory\\BooksInventory.Test\\bin\\Debug\\fine-code-coverage-net8.0\\BooksInventory.Tests.dll","CodeFilePath":null,"LineNumber":0,"Properties":[{"Key":{"Id":"NUnit.Seed","Label":"Seed","Category":"","Description":"","Attributes":0,"ValueType":"System.String"},"Value":"1849695636"}]},"Attachments":[],"Outcome":1,"ErrorMessage":null,"ErrorStackTrace":null,"DisplayName":"Login_InvalidInput_ReturnsBadRequest","Messages":[],"ComputerName":"NEERAJ-WORKSTAT","Duration":"00:00:00.1163620","StartTime":"2024-01-15T14:36:30.1676128+00:00","EndTime":"2024-01-15T14:36:30.2839227+00:00","Properties":[{"Key":{"Id":"NUnit.Seed","Label":"Seed","Category":"","Description":"","Attributes":0,"ValueType":"System.String"},"Value":"1849695636"}]},{"TestCase":{"Id":"da34126c-93e1-d0b0-d1cc-56e24e34d33c","FullyQualifiedName":"BooksInventory.Tests.ControllerTests.AuthControllerTests.Login_ValidInput_ReturnsOkResult","DisplayName":"Login_ValidInput_ReturnsOkResult","ExecutorUri":"executor://NUnit3TestExecutor","Source":"C:\\Users\\neera\\source\\repos\\BooksInventory\\BooksInventory.Test\\bin\\Debug\\fine-code-coverage-net8.0\\BooksInventory.Tests.dll","CodeFilePath":null,"LineNumber":0,"Properties":[{"Key":{"Id":"NUnit.Seed","Label":"Seed","Category":"","Description":"","Attributes":0,"ValueType":"System.String"},"Value":"864413601"}]},"Attachments":[],"Outcome":1,"ErrorMessage":null,"ErrorStackTrace":null,"DisplayName":"Login_ValidInput_ReturnsOkResult","Messages":[],"ComputerName":"NEERAJ-WORKSTAT","Duration":"00:00:00.0154330","StartTime":"2024-01-15T14:36:30.2851398+00:00","EndTime":"2024-01-15T14:36:30.3005736+00:00","Properties":[{"Key":{"Id":"NUnit.Seed","Label":"Seed","Category":"","Description":"","Attributes":0,"ValueType":"System.String"},"Value":"864413601"}]},{"TestCase":{"Id":"5e066a15-858d-d040-fd17-340b880da623","FullyQualifiedName":"BooksInventory.Tests.ControllerTests.AuthControllerTests.Register_ValidInput_ReturnsOkResult","DisplayName":"Register_ValidInput_ReturnsOkResult","ExecutorUri":"executor://NUnit3TestExecutor","Source":"C:\\Users\\neera\\source\\repos\\BooksInventory\\BooksInventory.Test\\bin\\Debug\\fine-code-coverage-net8.0\\BooksInventory.Tests.dll","CodeFilePath":null,"LineNumber":0,"Properties":[{"Key":{"Id":"NUnit.Seed","Label":"Seed","Category":"","Description":"","Attributes":0,"ValueType":"System.String"},"Value":"1852010360"}]},"Attachments":[],"Outcome":1,"ErrorMessage":null,"ErrorStackTrace":null,"DisplayName":"Register_ValidInput_ReturnsOkResult","Messages":[],"ComputerName":"NEERAJ-WORKSTAT","Duration":"00:00:00.0027800","StartTime":"2024-01-15T14:36:30.3005956+00:00","EndTime":"2024-01-15T14:36:30.3033761+00:00","Properties":[{"Key":{"Id":"NUnit.Seed","Label":"Seed","Category":"","Description":"","Attributes":0,"ValueType":"System.String"},"Value":"1852010360"}]},{"TestCase":{"Id":"a513cbeb-89e7-cfc5-ad25-f8ec7f9afe3b","FullyQualifiedName":"BooksInventory.Tests.ControllerTests.BooksControllerTest.Create_InvalidModel_ReturnsBadRequestResult","DisplayName":"Create_InvalidModel_ReturnsBadRequestResult","ExecutorUri":"executor://NUnit3TestExecutor","Source":"C:\\Users\\neera\\source\\repos\\BooksInventory\\BooksInventory.Test\\bin\\Debug\\fine-code-coverage-net8.0\\BooksInventory.Tests.dll","CodeFilePath":null,"LineNumber":0,"Properties":[{"Key":{"Id":"NUnit.Seed","Label":"Seed","Category":"","Description":"","Attributes":0,"ValueType":"System.String"},"Value":"281012286"}]},"Attachments":[],"Outcome":1,"ErrorMessage":null,"ErrorStackTrace":null,"DisplayName":"Create_InvalidModel_ReturnsBadRequestResult","Messages":[],"ComputerName":"NEERAJ-WORKSTAT","Duration":"00:00:00.0566480","StartTime":"2024-01-15T14:36:30.305076+00:00","EndTime":"2024-01-15T14:36:30.3617273+00:00","Properties":[{"Key":{"Id":"NUnit.Seed","Label":"Seed","Category":"","Description":"","Attributes":0,"ValueType":"System.String"},"Value":"281012286"}]},{"TestCase":{"Id":"488a9512-5da9-2f09-8166-95506fc21915","FullyQualifiedName":"BooksInventory.Tests.ControllerTests.BooksControllerTest.Create_ValidModel_ReturnsCreatedAtActionResult","DisplayName":"Create_ValidModel_ReturnsCreatedAtActionResult","ExecutorUri":"executor://NUnit3TestExecutor","Source":"C:\\Users\\neera\\source\\repos\\BooksInventory\\BooksInventory.Test\\bin\\Debug\\fine-code-coverage-net8.0\\BooksInventory.Tests.dll","CodeFilePath":null,"LineNumber":0,"Properties":[{"Key":{"Id":"NUnit.Seed","Label":"Seed","Category":"","Description":"","Attributes":0,"ValueType":"System.String"},"Value":"276231064"}]},"Attachments":[],"Outcome":1,"ErrorMessage":null,"ErrorStackTrace":null,"DisplayName":"Create_ValidModel_ReturnsCreatedAtActionResult","Messages":[],"ComputerName":"NEERAJ-WORKSTAT","Duration":"00:00:00.0117120","StartTime":"2024-01-15T14:36:30.3617518+00:00","EndTime":"2024-01-15T14:36:30.3734646+00:00","Properties":[{"Key":{"Id":"NUnit.Seed","Label":"Seed","Category":"","Description":"","Attributes":0,"ValueType":"System.String"},"Value":"276231064"}]},{"TestCase":{"Id":"fc8ed693-ea31-90a4-26b8-05fd4c5fe842","FullyQualifiedName":"BooksInventory.Tests.ControllerTests.BooksControllerTest.Delete_ExistingId_ReturnsOkResult","DisplayName":"Delete_ExistingId_ReturnsOkResult","ExecutorUri":"executor://NUnit3TestExecutor","Source":"C:\\Users\\neera\\source\\repos\\BooksInventory\\BooksInventory.Test\\bin\\Debug\\fine-code-coverage-net8.0\\BooksInventory.Tests.dll","CodeFilePath":null,"LineNumber":0,"Properties":[{"Key":{"Id":"NUnit.Seed","Label":"Seed","Category":"","Description":"","Attributes":0,"ValueType":"System.String"},"Value":"724655418"}]},"Attachments":[],"Outcome":1,"ErrorMessage":null,"ErrorStackTrace":null,"DisplayName":"Delete_ExistingId_ReturnsOkResult","Messages":[],"ComputerName":"NEERAJ-WORKSTAT","Duration":"00:00:00.0030150","StartTime":"2024-01-15T14:36:30.3734883+00:00","EndTime":"2024-01-15T14:36:30.3765033+00:00","Properties":[{"Key":{"Id":"NUnit.Seed","Label":"Seed","Category":"","Description":"","Attributes":0,"ValueType":"System.String"},"Value":"724655418"}]},{"TestCase":{"Id":"3b21512e-9e3c-8e0e-9df3-810ef6e4e98e","FullyQualifiedName":"BooksInventory.Tests.ControllerTests.BooksControllerTest.Delete_NonExistingId_ReturnsNotFoundResult","DisplayName":"Delete_NonExistingId_ReturnsNotFoundResult","ExecutorUri":"executor://NUnit3TestExecutor","Source":"C:\\Users\\neera\\source\\repos\\BooksInventory\\BooksInventory.Test\\bin\\Debug\\fine-code-coverage-net8.0\\BooksInventory.Tests.dll","CodeFilePath":null,"LineNumber":0,"Properties":[{"Key":{"Id":"NUnit.Seed","Label":"Seed","Category":"","Description":"","Attributes":0,"ValueType":"System.String"},"Value":"985399023"}]},"Attachments":[],"Outcome":1,"ErrorMessage":null,"ErrorStackTrace":null,"DisplayName":"Delete_NonExistingId_ReturnsNotFoundResult","Messages":[],"ComputerName":"NEERAJ-WORKSTAT","Duration":"00:00:00.0024900","StartTime":"2024-01-15T14:36:30.3765292+00:00","EndTime":"2024-01-15T14:36:30.3790188+00:00","Properties":[{"Key":{"Id":"NUnit.Seed","Label":"Seed","Category":"","Description":"","Attributes":0,"ValueType":"System.String"},"Value":"985399023"}]},{"TestCase":{"Id":"bb3db18c-a3ad-fa25-0d31-7d36a5ff2bf8","FullyQualifiedName":"BooksInventory.Tests.ControllerTests.BooksControllerTest.GetAll_ReturnsOkWithBookDTOList","DisplayName":"GetAll_ReturnsOkWithBookDTOList","ExecutorUri":"executor://NUnit3TestExecutor","Source":"C:\\Users\\neera\\source\\repos\\BooksInventory\\BooksInventory.Test\\bin\\Debug\\fine-code-coverage-net8.0\\BooksInventory.Tests.dll","CodeFilePath":null,"LineNumber":0,"Properties":[{"Key":{"Id":"NUnit.Seed","Label":"Seed","Category":"","Description":"","Attributes":0,"ValueType":"System.String"},"Value":"213139341"}]},"Attachments":[],"Outcome":1,"ErrorMessage":null,"ErrorStackTrace":null,"DisplayName":"GetAll_ReturnsOkWithBookDTOList","Messages":[],"ComputerName":"NEERAJ-WORKSTAT","Duration":"00:00:00.0039290","StartTime":"2024-01-15T14:36:30.37904+00:00","EndTime":"2024-01-15T14:36:30.3829694+00:00","Properties":[{"Key":{"Id":"NUnit.Seed","Label":"Seed","Category":"","Description":"","Attributes":0,"ValueType":"System.String"},"Value":"213139341"}]},{"TestCase":{"Id":"c5b28de7-edcb-3a04-99df-e5b97ad969d7","FullyQualifiedName":"BooksInventory.Tests.ControllerTests.BooksControllerTest.GetAll_WithNoBooks_ReturnsEmptyList","DisplayName":"GetAll_WithNoBooks_ReturnsEmptyList","ExecutorUri":"executor://NUnit3TestExecutor","Source":"C:\\Users\\neera\\source\\repos\\BooksInventory\\BooksInventory.Test\\bin\\Debug\\fine-code-coverage-net8.0\\BooksInventory.Tests.dll","CodeFilePath":null,"LineNumber":0,"Properties":[{"Key":{"Id":"NUnit.Seed","Label":"Seed","Category":"","Description":"","Attributes":0,"ValueType":"System.String"},"Value":"39399746"}]},"Attachments":[],"Outcome":1,"ErrorMessage":null,"ErrorStackTrace":null,"DisplayName":"GetAll_WithNoBooks_ReturnsEmptyList","Messages":[],"ComputerName":"NEERAJ-WORKSTAT","Duration":"00:00:00.0017340","StartTime":"2024-01-15T14:36:30.3829929+00:00","EndTime":"2024-01-15T14:36:30.3847266+00:00","Properties":[{"Key":{"Id":"NUnit.Seed","Label":"Seed","Category":"","Description":"","Attributes":0,"ValueType":"System.String"},"Value":"39399746"}]}],"TestRunStatistics":{"ExecutedTests":9,"Stats":{"Passed":9}},"ActiveTests":[{"Id":"bd3926c2-c555-20a3-ad87-c06aff9080ed","FullyQualifiedName":"BooksInventory.Tests.ControllerTests.BooksControllerTest.GetById_InvalidId_ReturnsNotFoundResult","DisplayName":"GetById_InvalidId_ReturnsNotFoundResult","ExecutorUri":"executor://NUnit3TestExecutor","Source":"C:\\Users\\neera\\source\\repos\\BooksInventory\\BooksInventory.Test\\bin\\Debug\\fine-code-coverage-net8.0\\BooksInventory.Tests.dll","CodeFilePath":null,"LineNumber":0,"Properties":[{"Key":{"Id":"NUnit.Seed","Label":"Seed","Category":"","Description":"","Attributes":0,"ValueType":"System.String"},"Value":"1158493823"}]}]}}
TpTrace Verbose: 0 : 27696, 7, 2024/01/15, 20:06:30.432, 354283262244, vstest.console.dll, TestRunRequest:SendTestRunStatsChange: Starting.
TpTrace Verbose: 0 : 27696, 7, 2024/01/15, 20:06:30.432, 354283263579, vstest.console.dll, InProgress is GetById_InvalidId_ReturnsNotFoundResult
TpTrace Verbose: 0 : 27696, 7, 2024/01/15, 20:06:30.433, 354283265144, vstest.console.dll, MulticastDelegateUtilities.SafeInvoke: TestRun.RunStatsChanged: Invoking callbacks was skipped because there are no subscribers.
TpTrace Information: 0 : 27696, 7, 2024/01/15, 20:06:30.433, 354283265545, vstest.console.dll, TestRunRequest:SendTestRunStatsChange: Completed.
TpTrace Verbose: 0 : 27696, 7, 2024/01/15, 20:06:30.433, 354283265885, vstest.console.dll, MulticastDelegateUtilities.SafeInvoke: LengthPrefixCommunicationChannel: MessageReceived: Invoking callback 1/1 for Microsoft.VisualStudio.TestPlatform.CommunicationUtilities.TestRequestSender+<>c__DisplayClass34_0., took 19 ms.
TpTrace Verbose: 0 : 27696, 7, 2024/01/15, 20:06:30.433, 354283266150, vstest.console.dll, TcpClientExtensions.MessageLoopAsync: Polling on remoteEndPoint: 127.0.0.1:12371 localEndPoint: 127.0.0.1:12370
TpTrace Verbose: 0 : 27696, 4, 2024/01/15, 20:06:30.434, 354283278284, vstest.console.dll, MulticastDelegateUtilities.SafeInvoke: InternalTestLoggerEvents.SendTestResult: Invoking callback 1/1 for Microsoft.VisualStudio.TestPlatform.CommandLine.Internal.ConsoleLogger., took 1 ms.
TpTrace Verbose: 0 : 27696, 4, 2024/01/15, 20:06:30.434, 354283280407, vstest.console.dll, MulticastDelegateUtilities.SafeInvoke: InternalTestLoggerEvents.SendTestResult: Invoking callback 1/1 for Microsoft.VisualStudio.TestPlatform.CommandLine.Internal.ConsoleLogger., took 0 ms.
TpTrace Verbose: 0 : 27696, 4, 2024/01/15, 20:06:30.434, 354283280988, vstest.console.dll, MulticastDelegateUtilities.SafeInvoke: InternalTestLoggerEvents.SendTestResult: Invoking callback 1/1 for Microsoft.VisualStudio.TestPlatform.CommandLine.Internal.ConsoleLogger., took 0 ms.
TpTrace Verbose: 0 : 27696, 4, 2024/01/15, 20:06:30.434, 354283281522, vstest.console.dll, MulticastDelegateUtilities.SafeInvoke: InternalTestLoggerEvents.SendTestResult: Invoking callback 1/1 for Microsoft.VisualStudio.TestPlatform.CommandLine.Internal.ConsoleLogger., took 0 ms.
TpTrace Verbose: 0 : 27696, 4, 2024/01/15, 20:06:30.434, 354283281920, vstest.console.dll, MulticastDelegateUtilities.SafeInvoke: InternalTestLoggerEvents.SendTestResult: Invoking callback 1/1 for Microsoft.VisualStudio.TestPlatform.CommandLine.Internal.ConsoleLogger., took 0 ms.
TpTrace Verbose: 0 : 27696, 4, 2024/01/15, 20:06:30.434, 354283282264, vstest.console.dll, MulticastDelegateUtilities.SafeInvoke: InternalTestLoggerEvents.SendTestResult: Invoking callback 1/1 for Microsoft.VisualStudio.TestPlatform.CommandLine.Internal.ConsoleLogger., took 0 ms.
TpTrace Verbose: 0 : 27696, 4, 2024/01/15, 20:06:30.434, 354283282609, vstest.console.dll, MulticastDelegateUtilities.SafeInvoke: InternalTestLoggerEvents.SendTestResult: Invoking callback 1/1 for Microsoft.VisualStudio.TestPlatform.CommandLine.Internal.ConsoleLogger., took 0 ms.
TpTrace Verbose: 0 : 27696, 4, 2024/01/15, 20:06:30.434, 354283283011, vstest.console.dll, MulticastDelegateUtilities.SafeInvoke: InternalTestLoggerEvents.SendTestResult: Invoking callback 1/1 for Microsoft.VisualStudio.TestPlatform.CommandLine.Internal.ConsoleLogger., took 0 ms.
TpTrace Verbose: 0 : 27696, 4, 2024/01/15, 20:06:30.434, 354283283361, vstest.console.dll, MulticastDelegateUtilities.SafeInvoke: InternalTestLoggerEvents.SendTestResult: Invoking callback 1/1 for Microsoft.VisualStudio.TestPlatform.CommandLine.Internal.ConsoleLogger., took 0 ms.
TpTrace Verbose: 0 : 27696, 7, 2024/01/15, 20:06:31.038, 354289315174, vstest.console.dll, TcpClientExtensions.MessageLoopAsync: NotifyDataAvailable remoteEndPoint: 127.0.0.1:12371 localEndPoint: 127.0.0.1:12370
TpTrace Verbose: 0 : 27696, 7, 2024/01/15, 20:06:31.038, 354289317508, vstest.console.dll, TestRequestSender.OnExecutionMessageReceived: Received message: {"Version":7,"MessageType":"TestExecution.StatsChange","Payload":{"NewTestResults":[{"TestCase":{"Id":"bd3926c2-c555-20a3-ad87-c06aff9080ed","FullyQualifiedName":"BooksInventory.Tests.ControllerTests.BooksControllerTest.GetById_InvalidId_ReturnsNotFoundResult","DisplayName":"GetById_InvalidId_ReturnsNotFoundResult","ExecutorUri":"executor://NUnit3TestExecutor","Source":"C:\\Users\\neera\\source\\repos\\BooksInventory\\BooksInventory.Test\\bin\\Debug\\fine-code-coverage-net8.0\\BooksInventory.Tests.dll","CodeFilePath":null,"LineNumber":0,"Properties":[{"Key":{"Id":"NUnit.Seed","Label":"Seed","Category":"","Description":"","Attributes":0,"ValueType":"System.String"},"Value":"1158493823"}]},"Attachments":[],"Outcome":1,"ErrorMessage":null,"ErrorStackTrace":null,"DisplayName":"GetById_InvalidId_ReturnsNotFoundResult","Messages":[],"ComputerName":"NEERAJ-WORKSTAT","Duration":"00:00:00.0025040","StartTime":"2024-01-15T14:36:30.3847474+00:00","EndTime":"2024-01-15T14:36:30.3872516+00:00","Properties":[{"Key":{"Id":"NUnit.Seed","Label":"Seed","Category":"","Description":"","Attributes":0,"ValueType":"System.String"},"Value":"1158493823"}]},{"TestCase":{"Id":"9e4bad92-e78d-d3d4-9e0b-4c0cb5e0c4bf","FullyQualifiedName":"BooksInventory.Tests.ControllerTests.BooksControllerTest.GetById_ValidId_ReturnsOkResult","DisplayName":"GetById_ValidId_ReturnsOkResult","ExecutorUri":"executor://NUnit3TestExecutor","Source":"C:\\Users\\neera\\source\\repos\\BooksInventory\\BooksInventory.Test\\bin\\Debug\\fine-code-coverage-net8.0\\BooksInventory.Tests.dll","CodeFilePath":null,"LineNumber":0,"Properties":[{"Key":{"Id":"NUnit.Seed","Label":"Seed","Category":"","Description":"","Attributes":0,"ValueType":"System.String"},"Value":"1034315571"}]},"Attachments":[],"Outcome":1,"ErrorMessage":null,"ErrorStackTrace":null,"DisplayName":"GetById_ValidId_ReturnsOkResult","Messages":[],"ComputerName":"NEERAJ-WORKSTAT","Duration":"00:00:00.0022220","StartTime":"2024-01-15T14:36:30.3872676+00:00","EndTime":"2024-01-15T14:36:30.3894898+00:00","Properties":[{"Key":{"Id":"NUnit.Seed","Label":"Seed","Category":"","Description":"","Attributes":0,"ValueType":"System.String"},"Value":"1034315571"}]},{"TestCase":{"Id":"082a9f6e-ab47-f9c6-a27d-1d8ecea827c9","FullyQualifiedName":"BooksInventory.Tests.ControllerTests.BooksControllerTest.Update_ValidModelAndNonExistingId_ReturnsNotFoundResult","DisplayName":"Update_ValidModelAndNonExistingId_ReturnsNotFoundResult","ExecutorUri":"executor://NUnit3TestExecutor","Source":"C:\\Users\\neera\\source\\repos\\BooksInventory\\BooksInventory.Test\\bin\\Debug\\fine-code-coverage-net8.0\\BooksInventory.Tests.dll","CodeFilePath":null,"LineNumber":0,"Properties":[{"Key":{"Id":"NUnit.Seed","Label":"Seed","Category":"","Description":"","Attributes":0,"ValueType":"System.String"},"Value":"1417907631"}]},"Attachments":[],"Outcome":1,"ErrorMessage":null,"ErrorStackTrace":null,"DisplayName":"Update_ValidModelAndNonExistingId_ReturnsNotFoundResult","Messages":[],"ComputerName":"NEERAJ-WORKSTAT","Duration":"00:00:00.0092490","StartTime":"2024-01-15T14:36:30.3895058+00:00","EndTime":"2024-01-15T14:36:30.3987554+00:00","Properties":[{"Key":{"Id":"NUnit.Seed","Label":"Seed","Category":"","Description":"","Attributes":0,"ValueType":"System.String"},"Value":"1417907631"}]},{"TestCase":{"Id":"cc6f3058-2490-44e5-7826-68ae6ee1968c","FullyQualifiedName":"BooksInventory.Tests.DataTests.BookDbContextTests.DbContext_CanBeInstantiated","DisplayName":"DbContext_CanBeInstantiated","ExecutorUri":"executor://NUnit3TestExecutor","Source":"C:\\Users\\neera\\source\\repos\\BooksInventory\\BooksInventory.Test\\bin\\Debug\\fine-code-coverage-net8.0\\BooksInventory.Tests.dll","CodeFilePath":null,"LineNumber":0,"Properties":[{"Key":{"Id":"NUnit.Seed","Label":"Seed","Category":"","Description":"","Attributes":0,"ValueType":"System.String"},"Value":"2065506605"}]},"Attachments":[],"Outcome":1,"ErrorMessage":null,"ErrorStackTrace":null,"DisplayName":"DbContext_CanBeInstantiated","Messages":[],"ComputerName":"NEERAJ-WORKSTAT","Duration":"00:00:00.0691720","StartTime":"2024-01-15T14:36:30.3988946+00:00","EndTime":"2024-01-15T14:36:30.4680716+00:00","Properties":[{"Key":{"Id":"NUnit.Seed","Label":"Seed","Category":"","Description":"","Attributes":0,"ValueType":"System.String"},"Value":"2065506605"}]},{"TestCase":{"Id":"cbcc413c-da96-da5b-ae5e-e727518ff34d","FullyQualifiedName":"BooksInventory.Tests.DataTests.BookDbContextTests.DbContext_SeedDataForBooks","DisplayName":"DbContext_SeedDataForBooks","ExecutorUri":"executor://NUnit3TestExecutor","Source":"C:\\Users\\neera\\source\\repos\\BooksInventory\\BooksInventory.Test\\bin\\Debug\\fine-code-coverage-net8.0\\BooksInventory.Tests.dll","CodeFilePath":null,"LineNumber":0,"Properties":[{"Key":{"Id":"NUnit.Seed","Label":"Seed","Category":"","Description":"","Attributes":0,"ValueType":"System.String"},"Value":"819523412"}]},"Attachments":[],"Outcome":1,"ErrorMessage":null,"ErrorStackTrace":null,"DisplayName":"DbContext_SeedDataForBooks","Messages":[],"ComputerName":"NEERAJ-WORKSTAT","Duration":"00:00:00.3496690","StartTime":"2024-01-15T14:36:30.4680964+00:00","EndTime":"2024-01-15T14:36:30.8177906+00:00","Properties":[{"Key":{"Id":"NUnit.Seed","Label":"Seed","Category":"","Description":"","Attributes":0,"ValueType":"System.String"},"Value":"819523412"}]},{"TestCase":{"Id":"c34e56cf-8954-613c-2655-5146b6c5f657","FullyQualifiedName":"BooksInventory.Tests.DataTests.BooksAuthDbContextTests.OnModelCreating_AddNewRole_Success","DisplayName":"OnModelCreating_AddNewRole_Success","ExecutorUri":"executor://NUnit3TestExecutor","Source":"C:\\Users\\neera\\source\\repos\\BooksInventory\\BooksInventory.Test\\bin\\Debug\\fine-code-coverage-net8.0\\BooksInventory.Tests.dll","CodeFilePath":null,"LineNumber":0,"Properties":[{"Key":{"Id":"NUnit.Seed","Label":"Seed","Category":"","Description":"","Attributes":0,"ValueType":"System.String"},"Value":"1184360690"}]},"Attachments":[],"Outcome":1,"ErrorMessage":null,"ErrorStackTrace":null,"DisplayName":"OnModelCreating_AddNewRole_Success","Messages":[],"ComputerName":"NEERAJ-WORKSTAT","Duration":"00:00:00.1777330","StartTime":"2024-01-15T14:36:30.8179106+00:00","EndTime":"2024-01-15T14:36:30.9956564+00:00","Properties":[{"Key":{"Id":"NUnit.Seed","Label":"Seed","Category":"","Description":"","Attributes":0,"ValueType":"System.String"},"Value":"1184360690"}]},{"TestCase":{"Id":"ebb2dc4c-a2f7-26ae-4cce-b5f16ebce1d2","FullyQualifiedName":"BooksInventory.Tests.DataTests.BooksAuthDbContextTests.OnModelCreating_SeedRoles_Success","DisplayName":"OnModelCreating_SeedRoles_Success","ExecutorUri":"executor://NUnit3TestExecutor","Source":"C:\\Users\\neera\\source\\repos\\BooksInventory\\BooksInventory.Test\\bin\\Debug\\fine-code-coverage-net8.0\\BooksInventory.Tests.dll","CodeFilePath":null,"LineNumber":0,"Properties":[{"Key":{"Id":"NUnit.Seed","Label":"Seed","Category":"","Description":"","Attributes":0,"ValueType":"System.String"},"Value":"1325244387"}]},"Attachments":[],"Outcome":1,"ErrorMessage":null,"ErrorStackTrace":null,"DisplayName":"OnModelCreating_SeedRoles_Success","Messages":[],"ComputerName":"NEERAJ-WORKSTAT","Duration":"00:00:00.0270850","StartTime":"2024-01-15T14:36:30.9956789+00:00","EndTime":"2024-01-15T14:36:31.0227659+00:00","Properties":[{"Key":{"Id":"NUnit.Seed","Label":"Seed","Category":"","Description":"","Attributes":0,"ValueType":"System.String"},"Value":"1325244387"}]},{"TestCase":{"Id":"52a65d0e-d9c1-6a98-b217-bc639862049b","FullyQualifiedName":"SQLBookRepositoryTests.GetAll_ReturnsEmptyList_WhenNoBooks","DisplayName":"GetAll_ReturnsEmptyList_WhenNoBooks","ExecutorUri":"executor://NUnit3TestExecutor","Source":"C:\\Users\\neera\\source\\repos\\BooksInventory\\BooksInventory.Test\\bin\\Debug\\fine-code-coverage-net8.0\\BooksInventory.Tests.dll","CodeFilePath":null,"LineNumber":0,"Properties":[{"Key":{"Id":"NUnit.Seed","Label":"Seed","Category":"","Description":"","Attributes":0,"ValueType":"System.String"},"Value":"1880508079"}]},"Attachments":[],"Outcome":1,"ErrorMessage":null,"ErrorStackTrace":null,"DisplayName":"GetAll_ReturnsEmptyList_WhenNoBooks","Messages":[],"ComputerName":"NEERAJ-WORKSTAT","Duration":"00:00:00.0075130","StartTime":"2024-01-15T14:36:31.0228959+00:00","EndTime":"2024-01-15T14:36:31.0304091+00:00","Properties":[{"Key":{"Id":"NUnit.Seed","Label":"Seed","Category":"","Description":"","Attributes":0,"ValueType":"System.String"},"Value":"1880508079"}]},{"TestCase":{"Id":"09e0d438-803e-ee81-d97c-35bd103af09d","FullyQualifiedName":"SQLBookRepositoryTests.GetAll_ReturnsListOfBooks","DisplayName":"GetAll_ReturnsListOfBooks","ExecutorUri":"executor://NUnit3TestExecutor","Source":"C:\\Users\\neera\\source\\repos\\BooksInventory\\BooksInventory.Test\\bin\\Debug\\fine-code-coverage-net8.0\\BooksInventory.Tests.dll","CodeFilePath":null,"LineNumber":0,"Properties":[{"Key":{"Id":"NUnit.Seed","Label":"Seed","Category":"","Description":"","Attributes":0,"ValueType":"System.String"},"Value":"1486820117"}]},"Attachments":[],"Outcome":1,"ErrorMessage":null,"ErrorStackTrace":null,"DisplayName":"GetAll_ReturnsListOfBooks","Messages":[],"ComputerName":"NEERAJ-WORKSTAT","Duration":"00:00:00.0050480","StartTime":"2024-01-15T14:36:31.0304306+00:00","EndTime":"2024-01-15T14:36:31.0354792+00:00","Properties":[{"Key":{"Id":"NUnit.Seed","Label":"Seed","Category":"","Description":"","Attributes":0,"ValueType":"System.String"},"Value":"1486820117"}]}],"TestRunStatistics":{"ExecutedTests":18,"Stats":{"Passed":18}},"ActiveTests":[{"Id":"56d1d294-2a83-7b66-f069-a2d6cc6397a8","FullyQualifiedName":"SQLBookRepositoryTests.GetById_ReturnsBook_WhenBookExists","DisplayName":"GetById_ReturnsBook_WhenBookExists","ExecutorUri":"executor://NUnit3TestExecutor","Source":"C:\\Users\\neera\\source\\repos\\BooksInventory\\BooksInventory.Test\\bin\\Debug\\fine-code-coverage-net8.0\\BooksInventory.Tests.dll","CodeFilePath":null,"LineNumber":0,"Properties":[{"Key":{"Id":"NUnit.Seed","Label":"Seed","Category":"","Description":"","Attributes":0,"ValueType":"System.String"},"Value":"1527577050"}]}]}}
TpTrace Verbose: 0 : 27696, 7, 2024/01/15, 20:06:31.040, 354289337374, vstest.console.dll, TestRunRequest:SendTestRunStatsChange: Starting.
TpTrace Verbose: 0 : 27696, 7, 2024/01/15, 20:06:31.040, 354289338109, vstest.console.dll, InProgress is GetById_ReturnsBook_WhenBookExists
TpTrace Verbose: 0 : 27696, 7, 2024/01/15, 20:06:31.040, 354289338675, vstest.console.dll, MulticastDelegateUtilities.SafeInvoke: TestRun.RunStatsChanged: Invoking callbacks was skipped because there are no subscribers.
TpTrace Information: 0 : 27696, 7, 2024/01/15, 20:06:31.040, 354289338968, vstest.console.dll, TestRunRequest:SendTestRunStatsChange: Completed.
TpTrace Verbose: 0 : 27696, 7, 2024/01/15, 20:06:31.040, 354289339216, vstest.console.dll, MulticastDelegateUtilities.SafeInvoke: LengthPrefixCommunicationChannel: MessageReceived: Invoking callback 1/1 for Microsoft.VisualStudio.TestPlatform.CommunicationUtilities.TestRequestSender+<>c__DisplayClass34_0., took 2 ms.
TpTrace Verbose: 0 : 27696, 7, 2024/01/15, 20:06:31.040, 354289339477, vstest.console.dll, TcpClientExtensions.MessageLoopAsync: Polling on remoteEndPoint: 127.0.0.1:12371 localEndPoint: 127.0.0.1:12370
TpTrace Verbose: 0 : 27696, 4, 2024/01/15, 20:06:31.040, 354289339730, vstest.console.dll, MulticastDelegateUtilities.SafeInvoke: InternalTestLoggerEvents.SendTestResult: Invoking callback 1/1 for Microsoft.VisualStudio.TestPlatform.CommandLine.Internal.ConsoleLogger., took 0 ms.
TpTrace Verbose: 0 : 27696, 4, 2024/01/15, 20:06:31.040, 354289340396, vstest.console.dll, MulticastDelegateUtilities.SafeInvoke: InternalTestLoggerEvents.SendTestResult: Invoking callback 1/1 for Microsoft.VisualStudio.TestPlatform.CommandLine.Internal.ConsoleLogger., took 0 ms.
TpTrace Verbose: 0 : 27696, 4, 2024/01/15, 20:06:31.040, 354289340812, vstest.console.dll, MulticastDelegateUtilities.SafeInvoke: InternalTestLoggerEvents.SendTestResult: Invoking callback 1/1 for Microsoft.VisualStudio.TestPlatform.CommandLine.Internal.ConsoleLogger., took 0 ms.
TpTrace Verbose: 0 : 27696, 4, 2024/01/15, 20:06:31.040, 354289341185, vstest.console.dll, MulticastDelegateUtilities.SafeInvoke: InternalTestLoggerEvents.SendTestResult: Invoking callback 1/1 for Microsoft.VisualStudio.TestPlatform.CommandLine.Internal.ConsoleLogger., took 0 ms.
TpTrace Verbose: 0 : 27696, 4, 2024/01/15, 20:06:31.040, 354289341718, vstest.console.dll, MulticastDelegateUtilities.SafeInvoke: InternalTestLoggerEvents.SendTestResult: Invoking callback 1/1 for Microsoft.VisualStudio.TestPlatform.CommandLine.Internal.ConsoleLogger., took 0 ms.
TpTrace Verbose: 0 : 27696, 4, 2024/01/15, 20:06:31.040, 354289342221, vstest.console.dll, MulticastDelegateUtilities.SafeInvoke: InternalTestLoggerEvents.SendTestResult: Invoking callback 1/1 for Microsoft.VisualStudio.TestPlatform.CommandLine.Internal.ConsoleLogger., took 0 ms.
TpTrace Verbose: 0 : 27696, 4, 2024/01/15, 20:06:31.040, 354289342586, vstest.console.dll, MulticastDelegateUtilities.SafeInvoke: InternalTestLoggerEvents.SendTestResult: Invoking callback 1/1 for Microsoft.VisualStudio.TestPlatform.CommandLine.Internal.ConsoleLogger., took 0 ms.
TpTrace Verbose: 0 : 27696, 4, 2024/01/15, 20:06:31.040, 354289343017, vstest.console.dll, MulticastDelegateUtilities.SafeInvoke: InternalTestLoggerEvents.SendTestResult: Invoking callback 1/1 for Microsoft.VisualStudio.TestPlatform.CommandLine.Internal.ConsoleLogger., took 0 ms.
TpTrace Verbose: 0 : 27696, 4, 2024/01/15, 20:06:31.041, 354289343376, vstest.console.dll, MulticastDelegateUtilities.SafeInvoke: InternalTestLoggerEvents.SendTestResult: Invoking callback 1/1 for Microsoft.VisualStudio.TestPlatform.CommandLine.Internal.ConsoleLogger., took 0 ms.
TpTrace Verbose: 0 : 27696, 7, 2024/01/15, 20:06:31.095, 354289885437, vstest.console.dll, TcpClientExtensions.MessageLoopAsync: NotifyDataAvailable remoteEndPoint: 127.0.0.1:12371 localEndPoint: 127.0.0.1:12370
TpTrace Verbose: 0 : 27696, 7, 2024/01/15, 20:06:31.095, 354289886493, vstest.console.dll, TestRequestSender.OnExecutionMessageReceived: Received message: {"Version":7,"MessageType":"TestSession.Message","Payload":{"MessageLevel":0,"Message":"NUnit Adapter 4.5.0.0: Test execution complete"}}
TpTrace Verbose: 0 : 27696, 7, 2024/01/15, 20:06:31.095, 354289887477, vstest.console.dll, TestRunRequest:SendTestRunMessage: Starting.
TpTrace Verbose: 0 : 27696, 7, 2024/01/15, 20:06:31.095, 354289887985, vstest.console.dll, MulticastDelegateUtilities.SafeInvoke: TestRun.LogMessages: Invoking callback 1/1 for Microsoft.VisualStudio.TestPlatform.CommandLine.TestRunResultAggregator., took 0 ms.
TpTrace Information: 0 : 27696, 7, 2024/01/15, 20:06:31.095, 354289888255, vstest.console.dll, TestRunRequest:SendTestRunMessage: Completed.
TpTrace Verbose: 0 : 27696, 7, 2024/01/15, 20:06:31.095, 354289888495, vstest.console.dll, MulticastDelegateUtilities.SafeInvoke: LengthPrefixCommunicationChannel: MessageReceived: Invoking callback 1/1 for Microsoft.VisualStudio.TestPlatform.CommunicationUtilities.TestRequestSender+<>c__DisplayClass34_0., took 0 ms.
TpTrace Verbose: 0 : 27696, 4, 2024/01/15, 20:06:31.095, 354289888524, vstest.console.dll, MulticastDelegateUtilities.SafeInvoke: InternalTestLoggerEvents.SendTestRunMessage: Invoking callback 1/1 for Microsoft.VisualStudio.TestPlatform.CommandLine.Internal.ConsoleLogger., took 0 ms.
TpTrace Verbose: 0 : 27696, 7, 2024/01/15, 20:06:31.095, 354289888734, vstest.console.dll, TcpClientExtensions.MessageLoopAsync: Polling on remoteEndPoint: 127.0.0.1:12371 localEndPoint: 127.0.0.1:12370
TpTrace Verbose: 0 : 27696, 7, 2024/01/15, 20:06:31.121, 354290149037, vstest.console.dll, TcpClientExtensions.MessageLoopAsync: NotifyDataAvailable remoteEndPoint: 127.0.0.1:12371 localEndPoint: 127.0.0.1:12370
TpTrace Verbose: 0 : 27696, 7, 2024/01/15, 20:06:31.121, 354290150989, vstest.console.dll, TestRequestSender.OnExecutionMessageReceived: Received message: {"Version":7,"MessageType":"TestExecution.Completed","Payload":{"TestRunCompleteArgs":{"TestRunStatistics":{"ExecutedTests":22,"Stats":{"Passed":22}},"IsCanceled":false,"IsAborted":false,"Error":null,"AttachmentSets":[],"InvokedDataCollectors":[],"ElapsedTimeInRunningTests":"00:00:01.0613183","Metrics":{},"DiscoveredExtensions":{"TestDiscoverers":["NUnit.VisualStudio.TestAdapter.NUnit3TestDiscoverer, NUnit3.TestAdapter, Version=4.5.0.0, Culture=neutral, PublicKeyToken=4cb40d35494691ac"],"TestExecutors":["executor://NUnit3TestExecutor"],"TestExecutors2":[],"TestSettingsProviders":[]}},"LastRunTests":{"NewTestResults":[{"TestCase":{"Id":"56d1d294-2a83-7b66-f069-a2d6cc6397a8","FullyQualifiedName":"SQLBookRepositoryTests.GetById_ReturnsBook_WhenBookExists","DisplayName":"GetById_ReturnsBook_WhenBookExists","ExecutorUri":"executor://NUnit3TestExecutor","Source":"C:\\Users\\neera\\source\\repos\\BooksInventory\\BooksInventory.Test\\bin\\Debug\\fine-code-coverage-net8.0\\BooksInventory.Tests.dll","CodeFilePath":null,"LineNumber":0,"Properties":[{"Key":{"Id":"NUnit.Seed","Label":"Seed","Category":"","Description":"","Attributes":0,"ValueType":"System.String"},"Value":"1527577050"}]},"Attachments":[],"Outcome":1,"ErrorMessage":null,"ErrorStackTrace":null,"DisplayName":"GetById_ReturnsBook_WhenBookExists","Messages":[],"ComputerName":"NEERAJ-WORKSTAT","Duration":"00:00:00.0087590","StartTime":"2024-01-15T14:36:31.0355042+00:00","EndTime":"2024-01-15T14:36:31.0442637+00:00","Properties":[{"Key":{"Id":"NUnit.Seed","Label":"Seed","Category":"","Description":"","Attributes":0,"ValueType":"System.String"},"Value":"1527577050"}]},{"TestCase":{"Id":"2d908c02-6e62-e08c-37d6-c6093656d1fe","FullyQualifiedName":"SQLBookRepositoryTests.GetById_ReturnsNull_WhenBookDoesNotExist","DisplayName":"GetById_ReturnsNull_WhenBookDoesNotExist","ExecutorUri":"executor://NUnit3TestExecutor","Source":"C:\\Users\\neera\\source\\repos\\BooksInventory\\BooksInventory.Test\\bin\\Debug\\fine-code-coverage-net8.0\\BooksInventory.Tests.dll","CodeFilePath":null,"LineNumber":0,"Properties":[{"Key":{"Id":"NUnit.Seed","Label":"Seed","Category":"","Description":"","Attributes":0,"ValueType":"System.String"},"Value":"1654826973"}]},"Attachments":[],"Outcome":1,"ErrorMessage":null,"ErrorStackTrace":null,"DisplayName":"GetById_ReturnsNull_WhenBookDoesNotExist","Messages":[],"ComputerName":"NEERAJ-WORKSTAT","Duration":"00:00:00.0008160","StartTime":"2024-01-15T14:36:31.0442871+00:00","EndTime":"2024-01-15T14:36:31.0451033+00:00","Properties":[{"Key":{"Id":"NUnit.Seed","Label":"Seed","Category":"","Description":"","Attributes":0,"ValueType":"System.String"},"Value":"1654826973"}]},{"TestCase":{"Id":"75298212-8658-4de7-8704-d25e8a0c2d5b","FullyQualifiedName":"TokenRepositoryTests.CreateJWTToken_GeneratesValidToken","DisplayName":"CreateJWTToken_GeneratesValidToken","ExecutorUri":"executor://NUnit3TestExecutor","Source":"C:\\Users\\neera\\source\\repos\\BooksInventory\\BooksInventory.Test\\bin\\Debug\\fine-code-coverage-net8.0\\BooksInventory.Tests.dll","CodeFilePath":null,"LineNumber":0,"Properties":[{"Key":{"Id":"NUnit.Seed","Label":"Seed","Category":"","Description":"","Attributes":0,"ValueType":"System.String"},"Value":"792923552"}]},"Attachments":[],"Outcome":1,"ErrorMessage":null,"ErrorStackTrace":null,"DisplayName":"CreateJWTToken_GeneratesValidToken","Messages":[],"ComputerName":"NEERAJ-WORKSTAT","Duration":"00:00:00.0434450","StartTime":"2024-01-15T14:36:31.0452018+00:00","EndTime":"2024-01-15T14:36:31.0886496+00:00","Properties":[{"Key":{"Id":"NUnit.Seed","Label":"Seed","Category":"","Description":"","Attributes":0,"ValueType":"System.String"},"Value":"792923552"}]},{"TestCase":{"Id":"5cb62c9a-c026-a597-a270-a92d42dbdf0e","FullyQualifiedName":"TokenRepositoryTests.CreateJWTToken_WithEmptyRoles_ReturnsValidToken","DisplayName":"CreateJWTToken_WithEmptyRoles_ReturnsValidToken","ExecutorUri":"executor://NUnit3TestExecutor","Source":"C:\\Users\\neera\\source\\repos\\BooksInventory\\BooksInventory.Test\\bin\\Debug\\fine-code-coverage-net8.0\\BooksInventory.Tests.dll","CodeFilePath":null,"LineNumber":0,"Properties":[{"Key":{"Id":"NUnit.Seed","Label":"Seed","Category":"","Description":"","Attributes":0,"ValueType":"System.String"},"Value":"140375562"}]},"Attachments":[],"Outcome":1,"ErrorMessage":null,"ErrorStackTrace":null,"DisplayName":"CreateJWTToken_WithEmptyRoles_ReturnsValidToken","Messages":[],"ComputerName":"NEERAJ-WORKSTAT","Duration":"00:00:00.0009200","StartTime":"2024-01-15T14:36:31.0886727+00:00","EndTime":"2024-01-15T14:36:31.0895927+00:00","Properties":[{"Key":{"Id":"NUnit.Seed","Label":"Seed","Category":"","Description":"","Attributes":0,"ValueType":"System.String"},"Value":"140375562"}]}],"TestRunStatistics":{"ExecutedTests":22,"Stats":{"Passed":22}},"ActiveTests":[]},"RunAttachments":[],"ExecutorUris":["executor://nunit3testexecutor/"]}}
TpTrace Verbose: 0 : 27696, 7, 2024/01/15, 20:06:31.121, 354290152174, vstest.console.dll, TestRequestSender.EndSession: Sending end session.
TpTrace Verbose: 0 : 27696, 7, 2024/01/15, 20:06:31.122, 354290153611, vstest.console.dll, ProxyOperationManager.Close: waiting for test host to exit for 100 ms
TpTrace Verbose: 0 : 27696, 11, 2024/01/15, 20:06:31.137, 354290308229, vstest.console.dll, TestHostManagerCallbacks.ctor: Experimental forwarding output is disabled.
TpTrace Warning: 0 : 27696, 11, 2024/01/15, 20:06:31.137, 354290309236, vstest.console.dll, TestHostManagerCallbacks.ErrorReceivedCallback Test host standard error line: 
TpTrace Verbose: 0 : 27696, 11, 2024/01/15, 20:06:31.147, 354290407300, vstest.console.dll, TestHostProvider.ExitCallBack: Host exited starting callback.
TpTrace Information: 0 : 27696, 11, 2024/01/15, 20:06:31.147, 354290408511, vstest.console.dll, TestHostManagerCallbacks.ExitCallBack: Testhost processId: 7484 exited with exitcode: 0 error: ''
TpTrace Verbose: 0 : 27696, 11, 2024/01/15, 20:06:31.147, 354290408845, vstest.console.dll, DotnetTestHostManager.OnHostExited: invoking OnHostExited callback
TpTrace Verbose: 0 : 27696, 11, 2024/01/15, 20:06:31.147, 354290409251, vstest.console.dll, CrossPlatEngine.TestHostManagerHostExited: calling on client process exit callback.
TpTrace Information: 0 : 27696, 11, 2024/01/15, 20:06:31.147, 354290409772, vstest.console.dll, TestRequestSender.OnClientProcessExit: Test host process exited. Standard error: 
TpTrace Information: 0 : 27696, 7, 2024/01/15, 20:06:31.147, 354290410024, vstest.console.dll, SocketServer.Stop: Stop server endPoint: 127.0.0.1:12370
TpTrace Information: 0 : 27696, 7, 2024/01/15, 20:06:31.147, 354290410572, vstest.console.dll, SocketServer.Stop: Cancellation requested. Stopping message loop.
TpTrace Information: 0 : 27696, 11, 2024/01/15, 20:06:31.147, 354290410212, vstest.console.dll, SocketServer.Stop: Stop server endPoint: 127.0.0.1:12370
TpTrace Information: 0 : 27696, 11, 2024/01/15, 20:06:31.147, 354290411076, vstest.console.dll, SocketServer.Stop: Cancellation requested. Stopping message loop.
TpTrace Verbose: 0 : 27696, 11, 2024/01/15, 20:06:31.147, 354290411404, vstest.console.dll, MulticastDelegateUtilities.SafeInvoke: HostProviderEvents.OnHostExited: Invoking callback 1/1 for Microsoft.VisualStudio.TestPlatform.CrossPlatEngine.Client.ProxyOperationManager., took 0 ms.
TpTrace Information: 0 : 27696, 7, 2024/01/15, 20:06:31.147, 354290411875, vstest.console.dll, Closing the connection
TpTrace Verbose: 0 : 27696, 7, 2024/01/15, 20:06:31.148, 354290413419, vstest.console.dll, ProxyDataCollectionManager.InvokeDataCollectionServiceAction: Starting.
TpTrace Information: 0 : 27696, 7, 2024/01/15, 20:06:31.148, 354290413797, vstest.console.dll, ProxyDataCollectionManager.AfterTestRunEnd: Get attachment set and invoked data collectors processId: 27492 port: 12367
TpTrace Verbose: 0 : 27696, 7, 2024/01/15, 20:06:31.148, 354290414153, vstest.console.dll, DataCollectionRequestSender.SendAfterTestRunStartAndGetResult: Send AfterTestRunEnd message with isCancelled: False
TpTrace Verbose: 0 : 27696, 7, 2024/01/15, 20:06:31.152, 354290461129, vstest.console.dll, DataCollectionRequestSender.SendAfterTestRunStartAndGetResult: Received message: (DataCollection.AfterTestRunEndResult) -> {"MessageType":"DataCollection.AfterTestRunEndResult","Payload":{"AttachmentSets":[],"InvokedDataCollectors":[{"Uri":"datacollector://Microsoft/TestPlatform/Extensions/Blame/v1","FriendlyName":"Blame","AssemblyQualifiedName":"Microsoft.TestPlatform.Extensions.BlameDataCollector.BlameCollector, Microsoft.TestPlatform.Extensions.BlameDataCollector, Version=15.0.0.0, Culture=neutral, PublicKeyToken=b03f5f7f11d50a3a","FilePath":"C:\\Program Files\\dotnet\\sdk\\8.0.100\\Extensions\\Microsoft.TestPlatform.Extensions.BlameDataCollector.dll","HasAttachmentProcessor":false}],"Metrics":{}}}
TpTrace Warning: 0 : 27696, 10, 2024/01/15, 20:06:31.156, 354290494187, vstest.console.dll, DataCollectionLauncher.ErrorReceivedCallback datacollector standard error line: 
TpTrace Information: 0 : 27696, 7, 2024/01/15, 20:06:31.157, 354290505485, vstest.console.dll, ProxyDataCollectionManager.InvokeDataCollectionServiceAction: Completed.
TpTrace Information: 0 : 27696, 10, 2024/01/15, 20:06:31.161, 354290547924, vstest.console.dll, DataCollectionLauncher.ExitCallBack: Data collector exited with exitcode: 0 error: ''
TpTrace Verbose: 0 : 27696, 7, 2024/01/15, 20:06:31.184, 354290780607, vstest.console.dll, TestRunRequest:SendTestRunStatsChange: Starting.
TpTrace Verbose: 0 : 27696, 7, 2024/01/15, 20:06:31.184, 354290781737, vstest.console.dll, MulticastDelegateUtilities.SafeInvoke: TestRun.RunStatsChanged: Invoking callbacks was skipped because there are no subscribers.
TpTrace Information: 0 : 27696, 7, 2024/01/15, 20:06:31.184, 354290782021, vstest.console.dll, TestRunRequest:SendTestRunStatsChange: Completed.
TpTrace Verbose: 0 : 27696, 7, 2024/01/15, 20:06:31.185, 354290784271, vstest.console.dll, ParallelProxyExecutionManager: HandlePartialRunComplete: Total workloads = 1, Total started clients = 1 Total completed clients = 1, Run complete = True, Run canceled: False.
TpTrace Verbose: 0 : 27696, 7, 2024/01/15, 20:06:31.185, 354290784688, vstest.console.dll, ParallelProxyExecutionManager: HandlePartialRunComplete: All runs completed stopping all managers.
TpTrace Verbose: 0 : 27696, 7, 2024/01/15, 20:06:31.185, 354290784959, vstest.console.dll, ParallelOperationManager.StopAllManagers: Stopping all managers.
TpTrace Verbose: 0 : 27696, 7, 2024/01/15, 20:06:31.185, 354290785199, vstest.console.dll, ParallelOperationManager.ClearSlots: Clearing all slots. Slots should accept more work: False
TpTrace Verbose: 0 : 27696, 7, 2024/01/15, 20:06:31.185, 354290785567, vstest.console.dll, ParallelOperationManager.SetOccupiedSlotCount: Setting slot counts AvailableSlotCount = 1, OccupiedSlotCount = 0.
TpTrace Verbose: 0 : 27696, 7, 2024/01/15, 20:06:31.185, 354290785987, vstest.console.dll, Occupied slots:

TpTrace Verbose: 0 : 27696, 4, 2024/01/15, 20:06:31.185, 354290790207, vstest.console.dll, MulticastDelegateUtilities.SafeInvoke: InternalTestLoggerEvents.SendTestResult: Invoking callback 1/1 for Microsoft.VisualStudio.TestPlatform.CommandLine.Internal.ConsoleLogger., took 0 ms.
TpTrace Verbose: 0 : 27696, 4, 2024/01/15, 20:06:31.185, 354290790919, vstest.console.dll, MulticastDelegateUtilities.SafeInvoke: InternalTestLoggerEvents.SendTestResult: Invoking callback 1/1 for Microsoft.VisualStudio.TestPlatform.CommandLine.Internal.ConsoleLogger., took 0 ms.
TpTrace Verbose: 0 : 27696, 4, 2024/01/15, 20:06:31.185, 354290791336, vstest.console.dll, MulticastDelegateUtilities.SafeInvoke: InternalTestLoggerEvents.SendTestResult: Invoking callback 1/1 for Microsoft.VisualStudio.TestPlatform.CommandLine.Internal.ConsoleLogger., took 0 ms.
TpTrace Verbose: 0 : 27696, 4, 2024/01/15, 20:06:31.185, 354290791831, vstest.console.dll, MulticastDelegateUtilities.SafeInvoke: InternalTestLoggerEvents.SendTestResult: Invoking callback 1/1 for Microsoft.VisualStudio.TestPlatform.CommandLine.Internal.ConsoleLogger., took 0 ms.
TpTrace Verbose: 0 : 27696, 4, 2024/01/15, 20:06:31.190, 354290839506, vstest.console.dll, MulticastDelegateUtilities.SafeInvoke: InternalTestLoggerEvents.SendTestRunComplete: Invoking callback 1/2 for Microsoft.TestPlatform.Extensions.BlameDataCollector.BlameLogger., took 0 ms.
TpTrace Verbose: 0 : 27696, 4, 2024/01/15, 20:06:31.194, 354290877636, vstest.console.dll, MulticastDelegateUtilities.SafeInvoke: InternalTestLoggerEvents.SendTestRunComplete: Invoking callback 2/2 for Microsoft.VisualStudio.TestPlatform.CommandLine.Internal.ConsoleLogger., took 3 ms.
TpTrace Verbose: 0 : 27696, 7, 2024/01/15, 20:06:31.194, 354290880932, vstest.console.dll, TestRunRequest:TestRunComplete: Starting. IsAborted:False IsCanceled:False.
TpTrace Verbose: 0 : 27696, 7, 2024/01/15, 20:06:31.194, 354290882165, vstest.console.dll, ParallelOperationManager.DoActionOnAllManagers: Calling an action on all managers.
TpTrace Verbose: 0 : 27696, 7, 2024/01/15, 20:06:31.195, 354290888096, vstest.console.dll, TestLoggerManager.HandleTestRunComplete: Ignoring as the object is disposed.
TpTrace Verbose: 0 : 27696, 7, 2024/01/15, 20:06:31.195, 354290889365, vstest.console.dll, MulticastDelegateUtilities.SafeInvoke: TestRun.TestRunComplete: Invoking callback 1/2 for Microsoft.VisualStudio.TestPlatform.CommandLine.TestRunResultAggregator., took 0 ms.
TpTrace Verbose: 0 : 27696, 7, 2024/01/15, 20:06:31.195, 354290890278, vstest.console.dll, MulticastDelegateUtilities.SafeInvoke: TestRun.TestRunComplete: Invoking callback 2/2 for Microsoft.VisualStudio.TestPlatform.CommandLine.Processors.RunTestsArgumentExecutor+TestRunRequestEventsRegistrar., took 0 ms.
TpTrace Information: 0 : 27696, 7, 2024/01/15, 20:06:31.195, 354290890943, vstest.console.dll, TestRunRequest:TestRunComplete: Completed.
TpTrace Verbose: 0 : 27696, 7, 2024/01/15, 20:06:31.195, 354290891255, vstest.console.dll, TestRequestSender.SetOperationComplete: Setting operation complete.
TpTrace Information: 0 : 27696, 7, 2024/01/15, 20:06:31.195, 354290891486, vstest.console.dll, SocketServer.Stop: Stop server endPoint: 127.0.0.1:12370
TpTrace Verbose: 0 : 27696, 1, 2024/01/15, 20:06:31.195, 354290891449, vstest.console.dll, TestRunRequest.Dispose: Starting.
TpTrace Information: 0 : 27696, 7, 2024/01/15, 20:06:31.195, 354290891763, vstest.console.dll, SocketServer.Stop: Cancellation requested. Stopping message loop.
TpTrace Information: 0 : 27696, 1, 2024/01/15, 20:06:31.195, 354290892253, vstest.console.dll, TestRunRequest.Dispose: Completed.
TpTrace Information: 0 : 27696, 1, 2024/01/15, 20:06:31.195, 354290892644, vstest.console.dll, TestRequestManager.RunTests: run tests completed.
TpTrace Verbose: 0 : 27696, 7, 2024/01/15, 20:06:31.195, 354290892636, vstest.console.dll, MulticastDelegateUtilities.SafeInvoke: LengthPrefixCommunicationChannel: MessageReceived: Invoking callback 1/1 for Microsoft.VisualStudio.TestPlatform.CommunicationUtilities.TestRequestSender+<>c__DisplayClass34_0., took 74 ms.
TpTrace Information: 0 : 27696, 7, 2024/01/15, 20:06:31.196, 354290893331, vstest.console.dll, SocketServer.PrivateStop: Stopping server endPoint: 127.0.0.1:12370 error: 
TpTrace Information: 0 : 27696, 1, 2024/01/15, 20:06:31.196, 354290893368, vstest.console.dll, RunTestsArgumentProcessor:Execute: Test run is completed.
TpTrace Verbose: 0 : 27696, 1, 2024/01/15, 20:06:31.196, 354290895324, vstest.console.dll, Executor.Execute: Exiting with exit code of 0
TpTrace Verbose: 0 : 27696, 7, 2024/01/15, 20:06:31.196, 354290896681, vstest.console.dll, LengthPrefixCommunicationChannel.Dispose: Dispose reader and writer.
TpTrace Information: 0 : 27696, 7, 2024/01/15, 20:06:31.196, 354290897235, vstest.console.dll, SocketServer.Stop: Raise disconnected event endPoint: 127.0.0.1:12370 error: 
TpTrace Verbose: 0 : 27696, 7, 2024/01/15, 20:06:31.196, 354290897807, vstest.console.dll, TestRequestSender: OnTestRunAbort: Operation is already complete. Skip error message.
TpTrace Verbose: 0 : 27696, 7, 2024/01/15, 20:06:31.196, 354290898216, vstest.console.dll, MulticastDelegateUtilities.SafeInvoke: SocketServer: ClientDisconnected: Invoking callback 1/1 for Microsoft.VisualStudio.TestPlatform.CommunicationUtilities.TestRequestSender., took 0 ms.
